#
# A fatal error has been detected by the Java Runtime Environment:
#
#  SIGSEGV (0xb) at pc=0x000000010fdde2d4, pid=76215, tid=0x0000000000000307
#
# JRE version: Java(TM) SE Runtime Environment (8.0_131-b11) (build 1.8.0_131-b11)
# Java VM: Java HotSpot(TM) 64-Bit Server VM (25.131-b11 mixed mode bsd-amd64 compressed oops)
# Problematic frame:
# C  [libglass.dylib+0x52d4]  -[GlassApplication applicationWillHide:]+0xd4
#
# Failed to write core dump. Core dumps have been disabled. To enable core dumping, try "ulimit -c unlimited" before starting Java again
#
# If you would like to submit a bug report, please visit:
#   http://bugreport.java.com/bugreport/crash.jsp
#

---------------  T H R E A D  ---------------

Current thread is native thread

siginfo: si_signo: 11 (SIGSEGV), si_code: 1 (SEGV_MAPERR), si_addr: 0x0000000000000000

Registers:
RAX=0x00007fbe2dc15060, RBX=0x0000000000000000, RCX=0x0000000000000008, RDX=0x0000000000000000
RSP=0x00007ffeeb11e500, RBP=0x00007ffeeb11e930, RSI=0x00007fff2f38e0e6, RDI=0x00007fbe2f1e9080
R8 =0x0000000000000000, R9 =0x00007fbe2dc15060, R10=0x00007fff8b907668, R11=0x00007fbe2dc150b0
R12=0x00007fff57e20e80, R13=0x000000010fe22550, R14=0x00007fbe2dc6f010, R15=0x00007fbe2dc15060
RIP=0x000000010fdde2d4, EFLAGS=0x0000000000010202, ERR=0x0000000000000004
  TRAPNO=0x000000000000000e

Top of Stack: (sp=0x00007ffeeb11e500)
0x00007ffeeb11e500:   000000010fdde275 00007fff31132a3c
0x00007ffeeb11e510:   00007fff3113292a 00007fff31132672
0x00007ffeeb11e520:   00007fff310f0450 00007fff310ef583
0x00007ffeeb11e530:   00007fff331e23c7 00007fff2eb1568b
0x00007ffeeb11e540:   00007fff2e86c371 00007fff3040d814
0x00007ffeeb11e550:   00007fff3040cb5d 00007fff30421e61
0x00007ffeeb11e560:   00007fff2e700419 00007fff2ee95b4c
0x00007ffeeb11e570:   00007fff2e6f4d6d 000000012162d14d
0x00007ffeeb11e580:   0000000122195edf 00007fff33244125
0x00007ffeeb11e590:   00007fff3113b5a1 00007fff311f535c
0x00007ffeeb11e5a0:   00007fff3111e040 00007fff3111d4bd
0x00007ffeeb11e5b0:   00007fff3111cd23 0000000104ae3465
0x00007ffeeb11e5c0:   0000000104adf18c 0000000104ae54c2
0x00007ffeeb11e5d0:   0000000104ade9e4 0000000000000004
0x00007ffeeb11e5e0:   0000000000000000 0000000000000000
0x00007ffeeb11e5f0:   0000000000000000 0000000000000000
0x00007ffeeb11e600:   0000000000000000 0000000000000000
0x00007ffeeb11e610:   0000000000000000 0000000000000000
0x00007ffeeb11e620:   0000000000000000 0000000000000000
0x00007ffeeb11e630:   00007fff91947308 ffff8041d21a2b00
0x00007ffeeb11e640:   0000000000000001 00007fbe2de5d500
0x00007ffeeb11e650:   00007ffeeb11e6a0 00007fff57e28d25
0x00007ffeeb11e660:   ffff8041d21a2b00 00007fbe2e9307c0
0x00007ffeeb11e670:   00007fff91947300 00007fbe2f1e9010
0x00007ffeeb11e680:   a3a3a3a3a3a3a3a3 00007fbe33103ab8
0x00007ffeeb11e690:   00007fbe2f1e9068 00007fbe2f1e9000
0x00007ffeeb11e6a0:   00007ffeeb11eaf0 00007fff57e24087
0x00007ffeeb11e6b0:   0000000000000000 0000000000000000
0x00007ffeeb11e6c0:   0000000000000000 0000000000000000
0x00007ffeeb11e6d0:   0000000000000000 0000000000000000
0x00007ffeeb11e6e0:   0000000000000000 0000000000000000
0x00007ffeeb11e6f0:   0000000000000000 0000000000000004 

Instructions: (pc=0x000000010fdde2d4)
0x000000010fdde2b4:   8b 35 16 f3 03 00 4c 8b 25 bf 7e 03 00 41 ff d4
0x000000010fdde2c4:   48 8b 35 b5 f2 03 00 48 89 c7 41 ff d4 49 89 c7
0x000000010fdde2d4:   48 8b 03 4c 8b a8 e8 01 00 00 48 8b 05 f3 0f 04
0x000000010fdde2e4:   00 4d 8b 34 06 48 8b 3d 08 05 04 00 48 8b 35 11 

Register to memory mapping:

RAX=0x00007fbe2dc15060 is an unknown value
RBX=0x0000000000000000 is an unknown value
RCX=0x0000000000000008 is an unknown value
RDX=0x0000000000000000 is an unknown value
RSP=0x00007ffeeb11e500 is an unknown value
RBP=0x00007ffeeb11e930 is an unknown value
RSI=0x00007fff2f38e0e6: .str.41.llvm.371263A9+0x3a370 in /System/Library/Frameworks/AppKit.framework/Versions/C/AppKit at 0x00007fff2e6be000
RDI=0x00007fbe2f1e9080 is an unknown value
R8 =0x0000000000000000 is an unknown value
R9 =0x00007fbe2dc15060 is an unknown value
R10=0x00007fff8b907668: OBJC_CLASS_$_NSAutoreleasePool+0 in /System/Library/Frameworks/Foundation.framework/Versions/C/Foundation at 0x00007fff331dc000
R11=0x00007fbe2dc150b0 is an unknown value
R12=0x00007fff57e20e80: objc_msgSend+0 in /usr/lib/libobjc.A.dylib at 0x00007fff57e1a000
R13=0x000000010fe22550: jEnv+0 in /Library/Java/JavaVirtualMachines/jdk1.8.0_131.jdk/Contents/Home/jre/lib/libglass.dylib at 0x000000010fdd9000
R14=0x00007fbe2dc6f010 is an unknown value
R15=0x00007fbe2dc15060 is an unknown value


Stack: [0x00007ffeea923000,0x00007ffeeb123000],  sp=0x00007ffeeb11e500,  free space=8173k
Native frames: (J=compiled Java code, j=interpreted, Vv=VM code, C=native code)
C  [libglass.dylib+0x52d4]  -[GlassApplication applicationWillHide:]+0xd4
C  [CoreFoundation+0x9aa3c]  __CFNOTIFICATIONCENTER_IS_CALLING_OUT_TO_AN_OBSERVER__+0xc
C  [CoreFoundation+0x9a92a]  _CFXRegistrationPost+0x1ba
C  [CoreFoundation+0x9a672]  ___CFXNotificationPost_block_invoke+0x32
C  [CoreFoundation+0x58450]  -[_CFXNotificationRegistrar find:object:observer:enumerator:]+0x680
C  [CoreFoundation+0x57583]  _CFXNotificationPost+0x253
C  [Foundation+0x63c7]  -[NSNotificationCenter postNotificationName:object:userInfo:]+0x42
C  [AppKit+0x45768b]  -[NSApplication _doHideMaybeFakingIt:]+0x111
C  [AppKit+0x1ae371]  _hideShowHandler+0x76
C  [HIToolbox+0x8814]  DispatchEventToHandlers(EventTargetRec*, OpaqueEventRef*, HandlerCallRec*)+0x605
C  [HIToolbox+0x7b5d]  SendEventToEventTargetInternal(OpaqueEventRef*, OpaqueEventTargetRef*, HandlerCallRec*)+0x176
C  [HIToolbox+0x1ce61]  SendEventToEventTarget+0x27
C  [AppKit+0x42419]  _DPSNextEvent+0xcdf
C  [AppKit+0x7d7b4c]  -[NSApplication(NSEvent) _nextEventMatchingEventMask:untilDate:inMode:dequeue:]+0xbe4
C  [AppKit+0x36d6d]  -[NSApplication run]+0x2fc
C  [libosxapp.dylib+0x214d]  +[NSApplicationAWT runAWTLoopWithApp:]+0x9c
C  [libawt_lwawt.dylib+0x45edf]  -[AWTStarter starter:]+0x389
C  [Foundation+0x68125]  __NSThreadPerformPerform+0x14e
C  [CoreFoundation+0xa35a1]  __CFRUNLOOP_IS_CALLING_OUT_TO_A_SOURCE0_PERFORM_FUNCTION__+0x11
C  [CoreFoundation+0x15d35c]  __CFRunLoopDoSource0+0x6c
C  [CoreFoundation+0x86040]  __CFRunLoopDoSources0+0xd0
C  [CoreFoundation+0x854bd]  __CFRunLoopRun+0x50d
C  [CoreFoundation+0x84d23]  CFRunLoopRunSpecific+0x1e3
C  [java+0x6465]  CreateExecutionEnvironment+0x367
C  [java+0x218c]  JLI_Launch+0x7a0
C  [java+0x84c2]  main+0x65
C  [java+0x19e4]  start+0x34


---------------  P R O C E S S  ---------------

VM state:not at safepoint (normal execution)

VM Mutex/Monitor currently owned by a thread: None

Heap:
 PSYoungGen      total 38400K, used 5858K [0x0000000795580000, 0x0000000798000000, 0x00000007c0000000)
  eden space 33280K, 2% used [0x0000000795580000,0x000000079563c948,0x0000000797600000)
  from space 5120K, 99% used [0x0000000797600000,0x0000000797afc050,0x0000000797b00000)
  to   space 5120K, 0% used [0x0000000797b00000,0x0000000797b00000,0x0000000798000000)
 ParOldGen       total 87552K, used 1343K [0x0000000740000000, 0x0000000745580000, 0x0000000795580000)
  object space 87552K, 1% used [0x0000000740000000,0x000000074014fda8,0x0000000745580000)
 Metaspace       used 15709K, capacity 16348K, committed 16512K, reserved 1062912K
  class space    used 2134K, capacity 2334K, committed 2432K, reserved 1048576K

Card table byte_map: [0x0000000106763000,0x0000000106b64000] byte_map_base: 0x0000000102d63000

Marking Bits: (ParMarkBitMap*) 0x0000000105cf1ea0
 Begin Bits: [0x0000000106e0f000, 0x0000000108e0f000)
 End Bits:   [0x0000000108e0f000, 0x000000010ae0f000)

Polling page: 0x0000000104b9a000

CodeCache: size=245760Kb used=4378Kb max_used=4378Kb free=241381Kb
 bounds [0x0000000110803000, 0x0000000110c53000, 0x000000011f803000]
 total_blobs=1997 nmethods=1378 adapters=532
 compilation: enabled

Compilation events (10 events):
Event: 3.797 Thread 0x00007fbe2e061800 1371       1       csc380Project.game.InGameQuestions::getQuestions (5 bytes)
Event: 3.797 Thread 0x00007fbe2e061800 nmethod 1371 0x0000000110c48bd0 code [0x0000000110c48d20, 0x0000000110c48e30]
Event: 3.804 Thread 0x00007fbe2e061800 1376       3       java.util.Locale::getLanguage (8 bytes)
Event: 3.804 Thread 0x00007fbe2e061800 nmethod 1376 0x0000000110c49f10 code [0x0000000110c4a080, 0x0000000110c4a270]
Event: 3.805 Thread 0x00007fbe2e061800 1377       3       java.util.LinkedHashMap$Entry::<init> (10 bytes)
Event: 3.805 Thread 0x00007fbe2e061800 nmethod 1377 0x0000000110c4a310 code [0x0000000110c4a480, 0x0000000110c4a6d0]
Event: 3.880 Thread 0x00007fbe2e061800 1378       3       java.nio.charset.CharsetDecoder::maxCharsPerByte (5 bytes)
Event: 3.880 Thread 0x00007fbe2e061800 nmethod 1378 0x0000000110c4a7d0 code [0x0000000110c4a920, 0x0000000110c4aa70]
Event: 3.880 Thread 0x00007fbe2e061800 1379       3       java.lang.String::checkBounds (46 bytes)
Event: 3.880 Thread 0x00007fbe2e061800 nmethod 1379 0x0000000110c4aad0 code [0x0000000110c4ac80, 0x0000000110c4afe8]

GC Heap History (2 events):
Event: 3.781 GC heap before
{Heap before GC invocations=1 (full 0):
 PSYoungGen      total 38400K, used 33280K [0x0000000795580000, 0x0000000798000000, 0x00000007c0000000)
  eden space 33280K, 100% used [0x0000000795580000,0x0000000797600000,0x0000000797600000)
  from space 5120K, 0% used [0x0000000797b00000,0x0000000797b00000,0x0000000798000000)
  to   space 5120K, 0% used [0x0000000797600000,0x0000000797600000,0x0000000797b00000)
 ParOldGen       total 87552K, used 0K [0x0000000740000000, 0x0000000745580000, 0x0000000795580000)
  object space 87552K, 0% used [0x0000000740000000,0x0000000740000000,0x0000000745580000)
 Metaspace       used 15248K, capacity 15866K, committed 15872K, reserved 1062912K
  class space    used 2101K, capacity 2301K, committed 2304K, reserved 1048576K
Event: 3.787 GC heap after
Heap after GC invocations=1 (full 0):
 PSYoungGen      total 38400K, used 5104K [0x0000000795580000, 0x0000000798000000, 0x00000007c0000000)
  eden space 33280K, 0% used [0x0000000795580000,0x0000000795580000,0x0000000797600000)
  from space 5120K, 99% used [0x0000000797600000,0x0000000797afc050,0x0000000797b00000)
  to   space 5120K, 0% used [0x0000000797b00000,0x0000000797b00000,0x0000000798000000)
 ParOldGen       total 87552K, used 1343K [0x0000000740000000, 0x0000000745580000, 0x0000000795580000)
  object space 87552K, 1% used [0x0000000740000000,0x000000074014fda8,0x0000000745580000)
 Metaspace       used 15248K, capacity 15866K, committed 15872K, reserved 1062912K
  class space    used 2101K, capacity 2301K, committed 2304K, reserved 1048576K
}

Deoptimization events (10 events):
Event: 1.380 Thread 0x00007fbe2f1eb000 Uncommon trap: reason=class_check action=maybe_recompile pc=0x0000000110a6b144 method=java.io.DataInputStream.readShort()S @ 4
Event: 1.380 Thread 0x00007fbe2f1eb000 Uncommon trap: reason=class_check action=maybe_recompile pc=0x0000000110a6b144 method=java.io.DataInputStream.readShort()S @ 4
Event: 1.383 Thread 0x00007fbe2f1eb000 Uncommon trap: reason=class_check action=maybe_recompile pc=0x000000011091de5c method=java.lang.String.equals(Ljava/lang/Object;)Z @ 8
Event: 1.383 Thread 0x00007fbe2f1eb000 Uncommon trap: reason=class_check action=maybe_recompile pc=0x000000011091de5c method=java.lang.String.equals(Ljava/lang/Object;)Z @ 8
Event: 1.383 Thread 0x00007fbe2f1eb000 Uncommon trap: reason=class_check action=maybe_recompile pc=0x000000011091de5c method=java.lang.String.equals(Ljava/lang/Object;)Z @ 8
Event: 1.384 Thread 0x00007fbe2f1eb000 Uncommon trap: reason=class_check action=maybe_recompile pc=0x000000011091de5c method=java.lang.String.equals(Ljava/lang/Object;)Z @ 8
Event: 1.544 Thread 0x00007fbe2f1eb000 Uncommon trap: reason=unstable_if action=reinterpret pc=0x0000000110a276a0 method=java.lang.CharacterData.of(I)Ljava/lang/CharacterData; @ 4
Event: 1.786 Thread 0x00007fbe2e151800 Uncommon trap: reason=unstable_if action=reinterpret pc=0x0000000110aa0c14 method=sun.net.www.ParseUtil.encodePath(Ljava/lang/String;Z)Ljava/lang/String; @ 109
Event: 1.992 Thread 0x00007fbe2f1eb000 Uncommon trap: reason=unstable_if action=reinterpret pc=0x0000000110b4cbfc method=jdk.internal.org.objectweb.asm.Type.getArgumentsAndReturnSizes(Ljava/lang/String;)I @ 47
Event: 3.803 Thread 0x00007fbe2f011800 Uncommon trap: reason=unstable_if action=reinterpret pc=0x0000000110bed4bc method=java.lang.ref.SoftReference.get()Ljava/lang/Object; @ 17

Internal exceptions (10 events):
Event: 0.142 Thread 0x00007fbe2f011800 Exception <a 'java/security/PrivilegedActionException'> (0x00000007958503c0) thrown at [/Users/java_re/workspace/8-2-build-macosx-x86_64/jdk8u131/8869/hotspot/src/share/vm/prims/jvm.cpp, line 1390]
Event: 0.142 Thread 0x00007fbe2f011800 Exception <a 'java/security/PrivilegedActionException'> (0x00000007958536f0) thrown at [/Users/java_re/workspace/8-2-build-macosx-x86_64/jdk8u131/8869/hotspot/src/share/vm/prims/jvm.cpp, line 1390]
Event: 0.142 Thread 0x00007fbe2f011800 Exception <a 'java/security/PrivilegedActionException'> (0x0000000795853900) thrown at [/Users/java_re/workspace/8-2-build-macosx-x86_64/jdk8u131/8869/hotspot/src/share/vm/prims/jvm.cpp, line 1390]
Event: 0.142 Thread 0x00007fbe2f011800 Exception <a 'java/lang/NullPointerException'> (0x00000007958540f0) thrown at [/Users/java_re/workspace/8-2-build-macosx-x86_64/jdk8u131/8869/hotspot/src/share/vm/interpreter/linkResolver.cpp, line 1197]
Event: 0.769 Thread 0x00007fbe2f1eb000 Exception <a 'java/lang/NullPointerException'> (0x000000079610a488) thrown at [/Users/java_re/workspace/8-2-build-macosx-x86_64/jdk8u131/8869/hotspot/src/share/vm/interpreter/linkResolver.cpp, line 1197]
Event: 0.769 Thread 0x00007fbe2f1eb000 Exception <a 'java/lang/NullPointerException'> (0x000000079610a488) thrown at [/Users/java_re/workspace/8-2-build-macosx-x86_64/jdk8u131/8869/hotspot/src/share/vm/prims/jvm.cpp, line 1394]
Event: 1.091 Thread 0x00007fbe2f1eb000 Exception <a 'java/lang/ArrayIndexOutOfBoundsException': 58> (0x0000000796642fa8) thrown at [/Users/java_re/workspace/8-2-build-macosx-x86_64/jdk8u131/8869/hotspot/src/share/vm/interpreter/interpreterRuntime.cpp, line 366]
Event: 1.092 Thread 0x00007fbe2f1eb000 Exception <a 'java/lang/ArrayIndexOutOfBoundsException': 18> (0x0000000796643c48) thrown at [/Users/java_re/workspace/8-2-build-macosx-x86_64/jdk8u131/8869/hotspot/src/share/vm/interpreter/interpreterRuntime.cpp, line 366]
Event: 1.092 Thread 0x00007fbe2f1eb000 Exception <a 'java/lang/ArrayIndexOutOfBoundsException': 86> (0x0000000796644ff0) thrown at [/Users/java_re/workspace/8-2-build-macosx-x86_64/jdk8u131/8869/hotspot/src/share/vm/interpreter/interpreterRuntime.cpp, line 366]
Event: 1.246 Thread 0x00007fbe2f1eb000 Implicit null exception at 0x0000000110ab0435 to 0x0000000110ab0671

Events (10 events):
Event: 3.880 loading class java/lang/ProcessEnvironment$Variable
Event: 3.880 loading class java/lang/ProcessEnvironment$ExternalData
Event: 3.880 loading class java/lang/ProcessEnvironment$ExternalData done
Event: 3.880 loading class java/lang/ProcessEnvironment$Variable done
Event: 3.880 loading class java/lang/ProcessEnvironment$Value
Event: 3.880 loading class java/lang/ProcessEnvironment$Value done
Event: 3.880 loading class java/lang/ProcessEnvironment$StringEnvironment
Event: 3.880 loading class java/lang/ProcessEnvironment$StringEnvironment done
Event: 3.880 loading class java/util/Collections$UnmodifiableMap
Event: 3.880 loading class java/util/Collections$UnmodifiableMap done


Dynamic libraries:
0x00000000096f0000 	/System/Library/Frameworks/Cocoa.framework/Versions/A/Cocoa
0x00000000096f0000 	/System/Library/Frameworks/Security.framework/Versions/A/Security
0x00000000096f0000 	/System/Library/Frameworks/ApplicationServices.framework/Versions/A/ApplicationServices
0x00000000096f0000 	/usr/lib/libz.1.dylib
0x00000000096f0000 	/usr/lib/libSystem.B.dylib
0x00000000096f0000 	/usr/lib/libobjc.A.dylib
0x00000000096f0000 	/System/Library/Frameworks/CoreFoundation.framework/Versions/A/CoreFoundation
0x00000000096f0000 	/System/Library/Frameworks/Foundation.framework/Versions/C/Foundation
0x00000000096f0000 	/System/Library/Frameworks/AppKit.framework/Versions/C/AppKit
0x00000000096f0000 	/System/Library/Frameworks/CoreData.framework/Versions/A/CoreData
0x00000000096f0000 	/System/Library/PrivateFrameworks/RemoteViewServices.framework/Versions/A/RemoteViewServices
0x00000000096f0000 	/System/Library/PrivateFrameworks/UIFoundation.framework/Versions/A/UIFoundation
0x00000000096f0000 	/System/Library/PrivateFrameworks/DFRFoundation.framework/Versions/A/DFRFoundation
0x00000000096f0000 	/System/Library/Frameworks/Metal.framework/Versions/A/Metal
0x00000000096f0000 	/System/Library/PrivateFrameworks/DesktopServicesPriv.framework/Versions/A/DesktopServicesPriv
0x00000000096f0000 	/usr/lib/libenergytrace.dylib
0x00000000096f0000 	/System/Library/PrivateFrameworks/SkyLight.framework/Versions/A/SkyLight
0x00000000096f0000 	/System/Library/Frameworks/CoreGraphics.framework/Versions/A/CoreGraphics
0x00000000096f0000 	/usr/lib/libScreenReader.dylib
0x00000000096f0000 	/System/Library/Frameworks/Accelerate.framework/Versions/A/Accelerate
0x00000000096f0000 	/System/Library/Frameworks/IOSurface.framework/Versions/A/IOSurface
0x00000000096f0000 	/System/Library/Frameworks/AudioToolbox.framework/Versions/A/AudioToolbox
0x00000000096f0000 	/System/Library/Frameworks/AudioUnit.framework/Versions/A/AudioUnit
0x00000000096f0000 	/System/Library/PrivateFrameworks/DataDetectorsCore.framework/Versions/A/DataDetectorsCore
0x00000000096f0000 	/System/Library/Frameworks/Carbon.framework/Versions/A/Frameworks/HIToolbox.framework/Versions/A/HIToolbox
0x00000000096f0000 	/usr/lib/libicucore.A.dylib
0x00000000096f0000 	/System/Library/Frameworks/QuartzCore.framework/Versions/A/QuartzCore
0x00000000096f0000 	/System/Library/Frameworks/Carbon.framework/Versions/A/Frameworks/SpeechRecognition.framework/Versions/A/SpeechRecognition
0x00000000096f0000 	/usr/lib/libauto.dylib
0x00000000096f0000 	/usr/lib/libxml2.2.dylib
0x00000000096f0000 	/System/Library/PrivateFrameworks/CoreUI.framework/Versions/A/CoreUI
0x00000000096f0000 	/System/Library/Frameworks/CoreAudio.framework/Versions/A/CoreAudio
0x00000000096f0000 	/System/Library/Frameworks/DiskArbitration.framework/Versions/A/DiskArbitration
0x00000000096f0000 	/usr/lib/liblangid.dylib
0x00000000096f0000 	/System/Library/PrivateFrameworks/MultitouchSupport.framework/Versions/A/MultitouchSupport
0x00000000096f0000 	/System/Library/Frameworks/IOKit.framework/Versions/A/IOKit
0x00000000096f0000 	/usr/lib/libDiagnosticMessagesClient.dylib
0x00000000096f0000 	/System/Library/Frameworks/CoreServices.framework/Versions/A/CoreServices
0x00000000096f0000 	/System/Library/PrivateFrameworks/PerformanceAnalysis.framework/Versions/A/PerformanceAnalysis
0x00000000096f0000 	/System/Library/Frameworks/OpenGL.framework/Versions/A/OpenGL
0x00000000096f0000 	/System/Library/Frameworks/ColorSync.framework/Versions/A/ColorSync
0x00000000096f0000 	/System/Library/Frameworks/CoreImage.framework/Versions/A/CoreImage
0x00000000096f0000 	/System/Library/Frameworks/CoreText.framework/Versions/A/CoreText
0x00000000096f0000 	/System/Library/Frameworks/ImageIO.framework/Versions/A/ImageIO
0x00000000096f0000 	/System/Library/PrivateFrameworks/Backup.framework/Versions/A/Backup
0x00000000096f0000 	/usr/lib/libarchive.2.dylib
0x00000000096f0000 	/System/Library/Frameworks/CFNetwork.framework/Versions/A/CFNetwork
0x00000000096f0000 	/System/Library/Frameworks/SystemConfiguration.framework/Versions/A/SystemConfiguration
0x00000000096f0000 	/usr/lib/libCRFSuite.dylib
0x00000000096f0000 	/usr/lib/libc++.1.dylib
0x00000000096f0000 	/usr/lib/libc++abi.dylib
0x00000000096f0000 	/usr/lib/system/libcache.dylib
0x00000000096f0000 	/usr/lib/system/libcommonCrypto.dylib
0x00000000096f0000 	/usr/lib/system/libcompiler_rt.dylib
0x00000000096f0000 	/usr/lib/system/libcopyfile.dylib
0x00000000096f0000 	/usr/lib/system/libcorecrypto.dylib
0x00000000096f0000 	/usr/lib/system/libdispatch.dylib
0x00000000096f0000 	/usr/lib/system/libdyld.dylib
0x00000000096f0000 	/usr/lib/system/libkeymgr.dylib
0x00000000096f0000 	/usr/lib/system/liblaunch.dylib
0x00000000096f0000 	/usr/lib/system/libmacho.dylib
0x00000000096f0000 	/usr/lib/system/libquarantine.dylib
0x00000000096f0000 	/usr/lib/system/libremovefile.dylib
0x00000000096f0000 	/usr/lib/system/libsystem_asl.dylib
0x00000000096f0000 	/usr/lib/system/libsystem_blocks.dylib
0x00000000096f0000 	/usr/lib/system/libsystem_c.dylib
0x00000000096f0000 	/usr/lib/system/libsystem_configuration.dylib
0x00000000096f0000 	/usr/lib/system/libsystem_coreservices.dylib
0x00000000096f0000 	/usr/lib/system/libsystem_darwin.dylib
0x00000000096f0000 	/usr/lib/system/libsystem_dnssd.dylib
0x00000000096f0000 	/usr/lib/system/libsystem_info.dylib
0x00000000096f0000 	/usr/lib/system/libsystem_m.dylib
0x00000000096f0000 	/usr/lib/system/libsystem_malloc.dylib
0x00000000096f0000 	/usr/lib/system/libsystem_network.dylib
0x00000000096f0000 	/usr/lib/system/libsystem_networkextension.dylib
0x00000000096f0000 	/usr/lib/system/libsystem_notify.dylib
0x00000000096f0000 	/usr/lib/system/libsystem_sandbox.dylib
0x00000000096f0000 	/usr/lib/system/libsystem_secinit.dylib
0x00000000096f0000 	/usr/lib/system/libsystem_kernel.dylib
0x00000000096f0000 	/usr/lib/system/libsystem_platform.dylib
0x00000000096f0000 	/usr/lib/system/libsystem_pthread.dylib
0x00000000096f0000 	/usr/lib/system/libsystem_symptoms.dylib
0x00000000096f0000 	/usr/lib/system/libsystem_trace.dylib
0x00000000096f0000 	/usr/lib/system/libunwind.dylib
0x00000000096f0000 	/usr/lib/system/libxpc.dylib
0x00000000096f0000 	/usr/lib/closure/libclosured.dylib
0x00000000096f0000 	/usr/lib/libbsm.0.dylib
0x00000000096f0000 	/usr/lib/system/libkxld.dylib
0x00000000096f0000 	/usr/lib/libOpenScriptingUtil.dylib
0x00000000096f0000 	/usr/lib/libcoretls.dylib
0x00000000096f0000 	/usr/lib/libcoretls_cfhelpers.dylib
0x00000000096f0000 	/usr/lib/libpam.2.dylib
0x00000000096f0000 	/usr/lib/libsqlite3.dylib
0x00000000096f0000 	/usr/lib/libxar.1.dylib
0x00000000096f0000 	/usr/lib/libbz2.1.0.dylib
0x00000000096f0000 	/usr/lib/liblzma.5.dylib
0x00000000096f0000 	/usr/lib/libnetwork.dylib
0x00000000096f0000 	/usr/lib/libapple_nghttp2.dylib
0x00000000096f0000 	/usr/lib/libpcap.A.dylib
0x00000000096f0000 	/usr/lib/libboringssl.dylib
0x00000000096f0000 	/usr/lib/libusrtcp.dylib
0x00000000096f0000 	/usr/lib/libapple_crypto.dylib
0x00000000096f0000 	/System/Library/Frameworks/CoreServices.framework/Versions/A/Frameworks/FSEvents.framework/Versions/A/FSEvents
0x00000000096f0000 	/System/Library/Frameworks/CoreServices.framework/Versions/A/Frameworks/CarbonCore.framework/Versions/A/CarbonCore
0x00000000096f0000 	/System/Library/Frameworks/CoreServices.framework/Versions/A/Frameworks/Metadata.framework/Versions/A/Metadata
0x00000000096f0000 	/System/Library/Frameworks/CoreServices.framework/Versions/A/Frameworks/OSServices.framework/Versions/A/OSServices
0x00000000096f0000 	/System/Library/Frameworks/CoreServices.framework/Versions/A/Frameworks/SearchKit.framework/Versions/A/SearchKit
0x00000000096f0000 	/System/Library/Frameworks/CoreServices.framework/Versions/A/Frameworks/AE.framework/Versions/A/AE
0x00000000096f0000 	/System/Library/Frameworks/CoreServices.framework/Versions/A/Frameworks/LaunchServices.framework/Versions/A/LaunchServices
0x00000000096f0000 	/System/Library/Frameworks/CoreServices.framework/Versions/A/Frameworks/DictionaryServices.framework/Versions/A/DictionaryServices
0x00000000096f0000 	/System/Library/Frameworks/CoreServices.framework/Versions/A/Frameworks/SharedFileList.framework/Versions/A/SharedFileList
0x00000000096f0000 	/System/Library/Frameworks/NetFS.framework/Versions/A/NetFS
0x00000000096f0000 	/System/Library/PrivateFrameworks/NetAuth.framework/Versions/A/NetAuth
0x00000000096f0000 	/System/Library/PrivateFrameworks/login.framework/Versions/A/Frameworks/loginsupport.framework/Versions/A/loginsupport
0x00000000096f0000 	/System/Library/PrivateFrameworks/TCC.framework/Versions/A/TCC
0x00000000096f0000 	/usr/lib/libmecabra.dylib
0x00000000096f0000 	/System/Library/Frameworks/ApplicationServices.framework/Versions/A/Frameworks/ATS.framework/Versions/A/ATS
0x00000000096f0000 	/System/Library/Frameworks/ApplicationServices.framework/Versions/A/Frameworks/ColorSyncLegacy.framework/Versions/A/ColorSyncLegacy
0x00000000096f0000 	/System/Library/Frameworks/ApplicationServices.framework/Versions/A/Frameworks/HIServices.framework/Versions/A/HIServices
0x00000000096f0000 	/System/Library/Frameworks/ApplicationServices.framework/Versions/A/Frameworks/LangAnalysis.framework/Versions/A/LangAnalysis
0x00000000096f0000 	/System/Library/Frameworks/ApplicationServices.framework/Versions/A/Frameworks/PrintCore.framework/Versions/A/PrintCore
0x00000000096f0000 	/System/Library/Frameworks/ApplicationServices.framework/Versions/A/Frameworks/QD.framework/Versions/A/QD
0x00000000096f0000 	/System/Library/Frameworks/ApplicationServices.framework/Versions/A/Frameworks/SpeechSynthesis.framework/Versions/A/SpeechSynthesis
0x00000000096f0000 	/System/Library/Frameworks/CoreDisplay.framework/Versions/A/CoreDisplay
0x00000000096f0000 	/System/Library/Frameworks/Accelerate.framework/Versions/A/Frameworks/vImage.framework/Versions/A/vImage
0x00000000096f0000 	/System/Library/Frameworks/Accelerate.framework/Versions/A/Frameworks/vecLib.framework/Versions/A/vecLib
0x00000000096f0000 	/System/Library/Frameworks/Accelerate.framework/Versions/A/Frameworks/vecLib.framework/Versions/A/libvDSP.dylib
0x00000000096f0000 	/System/Library/Frameworks/Accelerate.framework/Versions/A/Frameworks/vecLib.framework/Versions/A/libBNNS.dylib
0x00000000096f0000 	/System/Library/Frameworks/Accelerate.framework/Versions/A/Frameworks/vecLib.framework/Versions/A/libQuadrature.dylib
0x00000000096f0000 	/System/Library/Frameworks/Accelerate.framework/Versions/A/Frameworks/vecLib.framework/Versions/A/libvMisc.dylib
0x00000000096f0000 	/System/Library/Frameworks/Accelerate.framework/Versions/A/Frameworks/vecLib.framework/Versions/A/libLAPACK.dylib
0x00000000096f0000 	/System/Library/Frameworks/Accelerate.framework/Versions/A/Frameworks/vecLib.framework/Versions/A/libBLAS.dylib
0x00000000096f0000 	/System/Library/Frameworks/Accelerate.framework/Versions/A/Frameworks/vecLib.framework/Versions/A/libLinearAlgebra.dylib
0x00000000096f0000 	/System/Library/Frameworks/Accelerate.framework/Versions/A/Frameworks/vecLib.framework/Versions/A/libSparse.dylib
0x00000000096f0000 	/System/Library/Frameworks/Accelerate.framework/Versions/A/Frameworks/vecLib.framework/Versions/A/libSparseBLAS.dylib
0x00000000096f0000 	/System/Library/PrivateFrameworks/IOAccelerator.framework/Versions/A/IOAccelerator
0x00000000096f0000 	/System/Library/PrivateFrameworks/IOPresentment.framework/Versions/A/IOPresentment
0x00000000096f0000 	/System/Library/PrivateFrameworks/DSExternalDisplay.framework/Versions/A/DSExternalDisplay
0x00000000096f0000 	/System/Library/Frameworks/OpenGL.framework/Versions/A/Libraries/libCoreFSCache.dylib
0x00000000096f0000 	/System/Library/Frameworks/CoreVideo.framework/Versions/A/CoreVideo
0x00000000096f0000 	/System/Library/PrivateFrameworks/GraphVisualizer.framework/Versions/A/GraphVisualizer
0x00000000096f0000 	/System/Library/Frameworks/MetalPerformanceShaders.framework/Versions/A/MetalPerformanceShaders
0x00000000096f0000 	/usr/lib/libFosl_dynamic.dylib
0x00000000096f0000 	/System/Library/PrivateFrameworks/FaceCore.framework/Versions/A/FaceCore
0x00000000096f0000 	/System/Library/Frameworks/OpenCL.framework/Versions/A/OpenCL
0x00000000096f0000 	/usr/lib/libcompression.dylib
0x00000000096f0000 	/System/Library/Frameworks/ApplicationServices.framework/Versions/A/Frameworks/ATS.framework/Versions/A/Resources/libFontParser.dylib
0x00000000096f0000 	/System/Library/Frameworks/ApplicationServices.framework/Versions/A/Frameworks/ATS.framework/Versions/A/Resources/libFontRegistry.dylib
0x00000000096f0000 	/System/Library/Frameworks/ImageIO.framework/Versions/A/Resources/libJPEG.dylib
0x00000000096f0000 	/System/Library/Frameworks/ImageIO.framework/Versions/A/Resources/libTIFF.dylib
0x00000000096f0000 	/System/Library/Frameworks/ImageIO.framework/Versions/A/Resources/libPng.dylib
0x00000000096f0000 	/System/Library/Frameworks/ImageIO.framework/Versions/A/Resources/libGIF.dylib
0x00000000096f0000 	/System/Library/Frameworks/ImageIO.framework/Versions/A/Resources/libJP2.dylib
0x00000000096f0000 	/System/Library/Frameworks/ImageIO.framework/Versions/A/Resources/libRadiance.dylib
0x00000000096f0000 	/System/Library/PrivateFrameworks/AppleJPEG.framework/Versions/A/AppleJPEG
0x00000000096f0000 	/System/Library/PrivateFrameworks/MetalTools.framework/Versions/A/MetalTools
0x00000000096f0000 	/System/Library/Frameworks/MetalPerformanceShaders.framework/Frameworks/MPSCore.framework/Versions/A/MPSCore
0x00000000096f0000 	/System/Library/Frameworks/MetalPerformanceShaders.framework/Frameworks/MPSImage.framework/Versions/A/MPSImage
0x00000000096f0000 	/System/Library/Frameworks/MetalPerformanceShaders.framework/Frameworks/MPSMatrix.framework/Versions/A/MPSMatrix
0x00000000096f0000 	/System/Library/Frameworks/MetalPerformanceShaders.framework/Frameworks/MPSNeuralNetwork.framework/Versions/A/MPSNeuralNetwork
0x00000000096f0000 	/System/Library/Frameworks/OpenGL.framework/Versions/A/Libraries/libGLU.dylib
0x00000000096f0000 	/System/Library/Frameworks/OpenGL.framework/Versions/A/Libraries/libGFXShared.dylib
0x00000000096f0000 	/System/Library/Frameworks/OpenGL.framework/Versions/A/Libraries/libGL.dylib
0x00000000096f0000 	/System/Library/Frameworks/OpenGL.framework/Versions/A/Libraries/libGLImage.dylib
0x00000000096f0000 	/System/Library/Frameworks/OpenGL.framework/Versions/A/Libraries/libCVMSPluginSupport.dylib
0x00000000096f0000 	/System/Library/Frameworks/OpenGL.framework/Versions/A/Libraries/libCoreVMClient.dylib
0x00000000096f0000 	/usr/lib/libcups.2.dylib
0x00000000096f0000 	/System/Library/Frameworks/Kerberos.framework/Versions/A/Kerberos
0x00000000096f0000 	/System/Library/Frameworks/GSS.framework/Versions/A/GSS
0x00000000096f0000 	/usr/lib/libresolv.9.dylib
0x00000000096f0000 	/usr/lib/libiconv.2.dylib
0x00000000096f0000 	/System/Library/PrivateFrameworks/Heimdal.framework/Versions/A/Heimdal
0x00000000096f0000 	/usr/lib/libheimdal-asn1.dylib
0x00000000096f0000 	/System/Library/Frameworks/OpenDirectory.framework/Versions/A/OpenDirectory
0x00000000096f0000 	/System/Library/PrivateFrameworks/CommonAuth.framework/Versions/A/CommonAuth
0x00000000096f0000 	/System/Library/Frameworks/OpenDirectory.framework/Versions/A/Frameworks/CFOpenDirectory.framework/Versions/A/CFOpenDirectory
0x00000000096f0000 	/System/Library/Frameworks/SecurityFoundation.framework/Versions/A/SecurityFoundation
0x00000000096f0000 	/System/Library/PrivateFrameworks/APFS.framework/Versions/A/APFS
0x00000000096f0000 	/usr/lib/libutil.dylib
0x00000000096f0000 	/System/Library/PrivateFrameworks/AppleSauce.framework/Versions/A/AppleSauce
0x00000000096f0000 	/System/Library/PrivateFrameworks/LinguisticData.framework/Versions/A/LinguisticData
0x00000000096f0000 	/usr/lib/libmarisa.dylib
0x00000000096f0000 	/System/Library/PrivateFrameworks/Lexicon.framework/Versions/A/Lexicon
0x00000000096f0000 	/usr/lib/libChineseTokenizer.dylib
0x00000000096f0000 	/usr/lib/libcmph.dylib
0x00000000096f0000 	/System/Library/PrivateFrameworks/LanguageModeling.framework/Versions/A/LanguageModeling
0x00000000096f0000 	/System/Library/PrivateFrameworks/CoreEmoji.framework/Versions/A/CoreEmoji
0x00000000096f0000 	/System/Library/Frameworks/ServiceManagement.framework/Versions/A/ServiceManagement
0x00000000096f0000 	/System/Library/PrivateFrameworks/BackgroundTaskManagement.framework/Versions/A/BackgroundTaskManagement
0x00000000096f0000 	/usr/lib/libxslt.1.dylib
0x00000000096f0000 	/System/Library/Frameworks/Carbon.framework/Versions/A/Frameworks/Ink.framework/Versions/A/Ink
0x00000000096f0000 	/System/Library/PrivateFrameworks/TextureIO.framework/Versions/A/TextureIO
0x00000000096f0000 	/usr/lib/libate.dylib
0x00000000096f0000 	/System/Library/PrivateFrameworks/CrashReporterSupport.framework/Versions/A/CrashReporterSupport
0x00000000096f0000 	/System/Library/PrivateFrameworks/Sharing.framework/Versions/A/Sharing
0x00000000096f0000 	/System/Library/PrivateFrameworks/IconServices.framework/Versions/A/IconServices
0x00000000096f0000 	/System/Library/PrivateFrameworks/ProtocolBuffer.framework/Versions/A/ProtocolBuffer
0x00000000096f0000 	/System/Library/PrivateFrameworks/Apple80211.framework/Versions/A/Apple80211
0x00000000096f0000 	/System/Library/Frameworks/CoreWLAN.framework/Versions/A/CoreWLAN
0x00000000096f0000 	/System/Library/PrivateFrameworks/CoreUtils.framework/Versions/A/CoreUtils
0x00000000096f0000 	/System/Library/Frameworks/IOBluetooth.framework/Versions/A/IOBluetooth
0x00000000096f0000 	/System/Library/PrivateFrameworks/CoreWiFi.framework/Versions/A/CoreWiFi
0x00000000096f0000 	/System/Library/Frameworks/CoreBluetooth.framework/Versions/A/CoreBluetooth
0x00000000096f0000 	/System/Library/PrivateFrameworks/SignpostNotification.framework/Versions/A/SignpostNotification
0x00000000096f0000 	/System/Library/PrivateFrameworks/DebugSymbols.framework/Versions/A/DebugSymbols
0x00000000096f0000 	/System/Library/PrivateFrameworks/CoreSymbolication.framework/Versions/A/CoreSymbolication
0x00000000096f0000 	/System/Library/PrivateFrameworks/Symbolication.framework/Versions/A/Symbolication
0x00000000096f0000 	/System/Library/PrivateFrameworks/AppleFSCompression.framework/Versions/A/AppleFSCompression
0x00000000096f0000 	/System/Library/PrivateFrameworks/SpeechRecognitionCore.framework/Versions/A/SpeechRecognitionCore
0x0000000105400000 	/Library/Java/JavaVirtualMachines/jdk1.8.0_131.jdk/Contents/Home/jre/lib/server/libjvm.dylib
0x00000000096f0000 	/usr/lib/libstdc++.6.0.9.dylib
0x0000000104b57000 	/Library/Java/JavaVirtualMachines/jdk1.8.0_131.jdk/Contents/Home/jre/lib/libverify.dylib
0x0000000104b65000 	/Library/Java/JavaVirtualMachines/jdk1.8.0_131.jdk/Contents/Home/jre/lib/libjava.dylib
0x0000000104ba3000 	/Library/Java/JavaVirtualMachines/jdk1.8.0_131.jdk/Contents/Home/jre/lib/libzip.dylib
0x00000000096f0000 	/System/Library/Frameworks/JavaVM.framework/Versions/A/Frameworks/JavaRuntimeSupport.framework/Versions/A/JavaRuntimeSupport
0x00000000096f0000 	/System/Library/Frameworks/JavaVM.framework/Versions/A/Frameworks/JavaNativeFoundation.framework/Versions/A/JavaNativeFoundation
0x00000000096f0000 	/System/Library/Frameworks/JavaVM.framework/Versions/A/JavaVM
0x00000000096f0000 	/System/Library/Frameworks/Carbon.framework/Versions/A/Carbon
0x00000000096f0000 	/System/Library/PrivateFrameworks/JavaLaunching.framework/Versions/A/JavaLaunching
0x00000000096f0000 	/System/Library/Frameworks/Carbon.framework/Versions/A/Frameworks/CommonPanels.framework/Versions/A/CommonPanels
0x00000000096f0000 	/System/Library/Frameworks/Carbon.framework/Versions/A/Frameworks/Help.framework/Versions/A/Help
0x00000000096f0000 	/System/Library/Frameworks/Carbon.framework/Versions/A/Frameworks/ImageCapture.framework/Versions/A/ImageCapture
0x00000000096f0000 	/System/Library/Frameworks/Carbon.framework/Versions/A/Frameworks/OpenScripting.framework/Versions/A/OpenScripting
0x00000000096f0000 	/System/Library/Frameworks/Carbon.framework/Versions/A/Frameworks/Print.framework/Versions/A/Print
0x00000000096f0000 	/System/Library/Frameworks/Carbon.framework/Versions/A/Frameworks/SecurityHI.framework/Versions/A/SecurityHI
0x000000010e718000 	/Library/Java/JavaVirtualMachines/jdk1.8.0_131.jdk/Contents/Home/jre/lib/libprism_es2.dylib
0x00000000096f0000 	/System/Library/PrivateFrameworks/CoreServicesInternal.framework/Versions/A/CoreServicesInternal
0x00000000096f0000 	/System/Library/Frameworks/OpenGL.framework/Versions/A/Resources/GLEngine.bundle/GLEngine
0x00000000096f0000 	/System/Library/Frameworks/OpenGL.framework/Versions/A/Libraries/libGLProgrammability.dylib
0x000000010e9c1000 	/System/Library/Extensions/AppleIntelKBLGraphicsGLDriver.bundle/Contents/MacOS/AppleIntelKBLGraphicsGLDriver
0x00000000096f0000 	/System/Library/PrivateFrameworks/GPUSupport.framework/Versions/A/Libraries/libGPUSupportMercury.dylib
0x00000000096f0000 	/System/Library/Frameworks/OpenGL.framework/Versions/A/Resources/GLRendererFloat.bundle/GLRendererFloat
0x00000000096f0000 	/System/Library/Frameworks/OpenCL.framework/Versions/A/Libraries/libcldcpuengine.dylib
0x00000000096f0000 	/usr/lib/libcrypto.35.dylib
0x00000000096f0000 	/System/Library/PrivateFrameworks/TrustEvaluationAgent.framework/Versions/A/TrustEvaluationAgent
0x000000010fdd9000 	/Library/Java/JavaVirtualMachines/jdk1.8.0_131.jdk/Contents/Home/jre/lib/libglass.dylib
0x00000000096f0000 	/System/Library/CoreServices/RawCamera.bundle/Contents/MacOS/RawCamera
0x00000000096f0000 	/System/Library/PrivateFrameworks/MobileAsset.framework/Versions/A/MobileAsset
0x00000000096f0000 	/System/Library/PrivateFrameworks/StreamingZip.framework/Versions/A/StreamingZip
0x00000000096f0000 	/System/Library/Frameworks/MediaToolbox.framework/Versions/A/MediaToolbox
0x00000000096f0000 	/System/Library/PrivateFrameworks/CoreAVCHD.framework/Versions/A/CoreAVCHD
0x00000000096f0000 	/System/Library/Frameworks/MediaAccessibility.framework/Versions/A/MediaAccessibility
0x00000000096f0000 	/System/Library/PrivateFrameworks/Mangrove.framework/Versions/A/Mangrove
0x00000000096f0000 	/System/Library/Frameworks/CoreMedia.framework/Versions/A/CoreMedia
0x00000000096f0000 	/System/Library/Frameworks/VideoToolbox.framework/Versions/A/VideoToolbox
0x00000000096f0000 	/System/Library/PrivateFrameworks/CoreAUC.framework/Versions/A/CoreAUC
0x00000000096f0000 	/usr/lib/libspindump.dylib
0x00000000096f0000 	/usr/lib/libdscsym.dylib
0x00000000096f0000 	/System/Library/PrivateFrameworks/AppleVA.framework/Versions/A/AppleVA
0x00000000096f0000 	/System/Library/Frameworks/Accelerate.framework/Versions/A/Frameworks/vImage.framework/Versions/A/Libraries/libCGInterfaces.dylib
0x00000000096f0000 	/System/Library/PrivateFrameworks/FamilyControls.framework/Versions/A/FamilyControls
0x00000000096f0000 	/System/Library/PrivateFrameworks/CommerceKit.framework/Versions/A/Frameworks/CommerceCore.framework/Versions/A/CommerceCore
0x00000000096f0000 	/System/Library/PrivateFrameworks/SystemAdministration.framework/Versions/A/SystemAdministration
0x00000000096f0000 	/System/Library/PrivateFrameworks/AppContainer.framework/Versions/A/AppContainer
0x00000000096f0000 	/System/Library/PrivateFrameworks/SecCodeWrapper.framework/Versions/A/SecCodeWrapper
0x00000000096f0000 	/System/Library/PrivateFrameworks/DiskManagement.framework/Versions/A/DiskManagement
0x00000000096f0000 	/System/Library/Frameworks/DirectoryService.framework/Versions/A/DirectoryService
0x00000000096f0000 	/System/Library/PrivateFrameworks/DiskImages.framework/Versions/A/DiskImages
0x00000000096f0000 	/System/Library/PrivateFrameworks/LoginUIKit.framework/Versions/A/Frameworks/LoginUICore.framework/Versions/A/LoginUICore
0x00000000096f0000 	/usr/lib/libCoreStorage.dylib
0x00000000096f0000 	/usr/lib/libcsfde.dylib
0x00000000096f0000 	/usr/lib/libodfde.dylib
0x00000000096f0000 	/System/Library/PrivateFrameworks/MediaKit.framework/Versions/A/MediaKit
0x00000000096f0000 	/System/Library/Frameworks/DiscRecording.framework/Versions/A/DiscRecording
0x00000000096f0000 	/System/Library/PrivateFrameworks/EFILogin.framework/Versions/A/EFILogin
0x00000000096f0000 	/System/Library/PrivateFrameworks/ProtectedCloudStorage.framework/Versions/A/ProtectedCloudStorage
0x00000000096f0000 	/usr/lib/libcurl.4.dylib
0x00000000096f0000 	/usr/lib/libssl.35.dylib
0x00000000096f0000 	/System/Library/Frameworks/LDAP.framework/Versions/A/LDAP
0x00000000096f0000 	/usr/lib/libsasl2.2.dylib
0x00000000096f0000 	/System/Library/PrivateFrameworks/CoreDaemon.framework/Versions/B/CoreDaemon
0x00000000096f0000 	/System/Library/PrivateFrameworks/AppleSRP.framework/Versions/A/AppleSRP
0x00000001102c0000 	/Library/Java/JavaVirtualMachines/jdk1.8.0_131.jdk/Contents/Home/jre/lib/libjavafx_font.dylib
0x00000000096f0000 	/System/Library/Frameworks/ApplicationServices.framework/Versions/A/Frameworks/ATS.framework/Versions/A/Resources/libTrueTypeScaler.dylib
0x00000000096f0000 	/System/Library/Extensions/AppleIntelKBLGraphicsMTLDriver.bundle/Contents/MacOS/AppleIntelKBLGraphicsMTLDriver
0x00000000096f0000 	/System/Library/PrivateFrameworks/GPUCompiler.framework/Versions/3802/Libraries/libmetal_timestamp.dylib
0x00000001105ba000 	/Library/Java/JavaVirtualMachines/jdk1.8.0_131.jdk/Contents/Home/jre/lib/libprism_common.dylib
0x00000000096f0000 	/System/Library/PrivateFrameworks/ViewBridge.framework/Versions/A/ViewBridge
0x000000012148b000 	/Library/Java/JavaVirtualMachines/jdk1.8.0_131.jdk/Contents/Home/jre/lib/libnet.dylib
0x00000001214a2000 	/Library/Java/JavaVirtualMachines/jdk1.8.0_131.jdk/Contents/Home/jre/lib/libnio.dylib
0x00000001214b7000 	/Library/Java/JavaVirtualMachines/jdk1.8.0_131.jdk/Contents/Home/jre/lib/libawt.dylib
0x000000012155f000 	/Library/Java/JavaVirtualMachines/jdk1.8.0_131.jdk/Contents/Home/jre/lib/./libmlib_image.dylib
0x0000000122150000 	/Library/Java/JavaVirtualMachines/jdk1.8.0_131.jdk/Contents/Home/jre/lib/libawt_lwawt.dylib
0x000000012162b000 	/Library/Java/JavaVirtualMachines/jdk1.8.0_131.jdk/Contents/Home/jre/lib/./libosxapp.dylib
0x00000000096f0000 	/System/Library/Frameworks/ExceptionHandling.framework/Versions/A/ExceptionHandling

VM Arguments:
java_command: csc380Project.game.Main
java_class_path (initial): target/jfx/app/csc380-1.0-SNAPSHOT-jfx.jar
Launcher Type: SUN_STANDARD

Environment Variables:
JAVA_HOME=/Library/Java/JavaVirtualMachines/jdk1.8.0_131.jdk/Contents/Home
PATH=/Library/Java/JavaVirtualMachines/jdk1.8.0_131.jdk/Contents/Home/bin:/usr/local/bin:/usr/local/sbin:/usr/bin:/bin:/usr/sbin:/sbin
SHELL=/bin/zsh

Signal Handlers:
SIGSEGV: [libjvm.dylib+0x5b1eb1], sa_mask[0]=11111111011111110111111111111111, sa_flags=SA_ONSTACK|SA_RESTART|SA_SIGINFO
SIGBUS: [libjvm.dylib+0x5b1eb1], sa_mask[0]=11111111011111110111111111111111, sa_flags=SA_RESTART|SA_SIGINFO
SIGFPE: [libjvm.dylib+0x488988], sa_mask[0]=11111111011111110111111111111111, sa_flags=SA_RESTART|SA_SIGINFO
SIGPIPE: [libjvm.dylib+0x488988], sa_mask[0]=11111111011111110111111111111111, sa_flags=SA_RESTART|SA_SIGINFO
SIGXFSZ: [libjvm.dylib+0x488988], sa_mask[0]=11111111011111110111111111111111, sa_flags=SA_RESTART|SA_SIGINFO
SIGILL: [libjvm.dylib+0x488988], sa_mask[0]=11111111011111110111111111111111, sa_flags=SA_RESTART|SA_SIGINFO
SIGUSR1: SIG_DFL, sa_mask[0]=00000000000000000000000000000000, sa_flags=SA_RESTART
SIGUSR2: [libjvm.dylib+0x4884a6], sa_mask[0]=00000000000000000000000000000000, sa_flags=SA_RESTART|SA_SIGINFO
SIGHUP: [libjvm.dylib+0x486a7d], sa_mask[0]=11111111011111110111111111111111, sa_flags=SA_RESTART|SA_SIGINFO
SIGINT: [libjvm.dylib+0x486a7d], sa_mask[0]=11111111011111110111111111111111, sa_flags=SA_RESTART|SA_SIGINFO
SIGTERM: [libjvm.dylib+0x486a7d], sa_mask[0]=11111111011111110111111111111111, sa_flags=SA_RESTART|SA_SIGINFO
SIGQUIT: [libjvm.dylib+0x486a7d], sa_mask[0]=11111111011111110111111111111111, sa_flags=SA_RESTART|SA_SIGINFO


---------------  S Y S T E M  ---------------

OS:Bsduname:Darwin 17.3.0 Darwin Kernel Version 17.3.0: Thu Nov  9 18:09:22 PST 2017; root:xnu-4570.31.3~1/RELEASE_X86_64 x86_64
rlimit: STACK 8192k, CORE 0k, NPROC 709, NOFILE 10240, AS infinity
load average:2.07 2.40 2.71

CPU:total 4 (initial active 4) (2 cores per cpu, 2 threads per core) family 6 model 142 stepping 9, cmov, cx8, fxsr, mmx, sse, sse2, sse3, ssse3, sse4.1, sse4.2, popcnt, avx, avx2, aes, clmul, erms, rtm, 3dnowpref, lzcnt, ht, tsc, tscinvbit, bmi1, bmi2, adx

Memory: 4k page, physical 8388608k(176604k free)

/proc/meminfo:


vm_info: Java HotSpot(TM) 64-Bit Server VM (25.131-b11) for bsd-amd64 JRE (1.8.0_131-b11), built on Mar 15 2017 01:32:22 by "java_re" with gcc 4.2.1 (Based on Apple Inc. build 5658) (LLVM build 2336.11.00)

time: Sun Mar 25 15:26:59 2018
elapsed time: 3 seconds (0d 0h 0m 3s)

