#
# A fatal error has been detected by the Java Runtime Environment:
#
#  SIGSEGV (0xb) at pc=0x000000010736a7f6, pid=10645, tid=0x0000000000000307
#
# JRE version: Java(TM) SE Runtime Environment (8.0_131-b11) (build 1.8.0_131-b11)
# Java VM: Java HotSpot(TM) 64-Bit Server VM (25.131-b11 mixed mode bsd-amd64 compressed oops)
# Problematic frame:
# V  [libjvm.dylib+0x16a7f6]  ThreadStateTransition::trans_from_native(JavaThreadState)+0xa
#
# Failed to write core dump. Core dumps have been disabled. To enable core dumping, try "ulimit -c unlimited" before starting Java again
#
# If you would like to submit a bug report, please visit:
#   http://bugreport.java.com/bugreport/crash.jsp
#

---------------  T H R E A D  ---------------

Current thread is native thread

siginfo: si_signo: 11 (SIGSEGV), si_code: 1 (SEGV_MAPERR), si_addr: 0x0000000000000270

Registers:
RAX=0x0000000000000000, RBX=0x0000000000000000, RCX=0x00007fdd7e09a050, RDX=0x00007fffa8fcae80
RSP=0x00007ffee9426140, RBP=0x00007ffee9426150, RSI=0x0000000000000006, RDI=0x00007ffee9426190
R8 =0x00000000000001ff, R9 =0x00007fdd81499170, R10=0x000000012a019468, R11=0x00007fdd81329040
R12=0x00007fff75ff1e80, R13=0x00007fff4d54b058, R14=0x00007fdd7e0999f8, R15=0x0000000000000000
RIP=0x000000010736a7f6, EFLAGS=0x0000000000010246, ERR=0x0000000000000006
  TRAPNO=0x000000000000000e

Top of Stack: (sp=0x00007ffee9426140)
0x00007ffee9426140:   0000000000000004 00007fdd7e0999f8
0x00007ffee9426150:   00007ffee94261b0 00000001075149d5
0x00007ffee9426160:   00007fdd8142c620 00007fdd8142c440
0x00007ffee9426170:   00007ffee9426190 00007fff75ff6dfa
0x00007ffee9426180:   00007fffa8fcae80 000000012a0156e9
0x00007ffee9426190:   0000000000000000 00007fdd81499170
0x00007ffee94261a0:   00007fdd7e0999f8 00007fff4d54b182
0x00007ffee94261b0:   00007ffee94261d0 000000012d31e370
0x00007ffee94261c0:   00007fdd8142c440 00007fdd81499170
0x00007ffee94261d0:   00007ffee9426200 00007fff4d1a1077
0x00007ffee94261e0:   00007fdd7e09a038 00007fdd7c7067f0
0x00007ffee94261f0:   00007fdd7c5b2020 0000000000000002
0x00007ffee9426200:   00007ffee9426210 000000012d34857f
0x00007ffee9426210:   00007ffee9426290 00007fff51401125
0x00007ffee9426220:   00007fdd7e09a038 00007fff4d54b137
0x00007ffee9426230:   00007fdd7c7067f0 00007fdd7eecde50
0x00007ffee9426240:   00007fff4d552539 00007fff4d5a5513
0x00007ffee9426250:   00007fff4d55253e 00007fff4d54b1ca
0x00007ffee9426260:   00007ffee94262a0 00007fff51400fd7
0x00007ffee9426270:   0000000300002e88 0000000000000003
0x00007ffee9426280:   00007fdd7eecde50 0000000000000000
0x00007ffee9426290:   00007ffee94262a0 00007fff4f2f85a1
0x00007ffee94262a0:   00007ffee94262d0 00007fff4f3b235c
0x00007ffee94262b0:   00007fdd7c707570 0000000000000001
0x00007ffee94262c0:   00007fdd7c707401 0000000000000001
0x00007ffee94262d0:   00007ffee9426330 00007fff4f2db09c
0x00007ffee94262e0:   00007fdd7c707470 00007fdd7c707580
0x00007ffee94262f0:   00007fdd7c707480 0000000000000000
0x00007ffee9426300:   00007fdd7c45f8f0 00007fdd7c707570
0x00007ffee9426310:   00007fdd7c707478 0000000000000000
0x00007ffee9426320:   0000000000002903 00007fdd7c707470
0x00007ffee9426330:   00007ffee9427020 00007fff4f2da4bd 

Instructions: (pc=0x000000010736a7f6)
0x000000010736a7d6:   0e 48 8b 0b 49 8b 56 18 48 63 c0 48 89 0c c2 5b
0x000000010736a7e6:   41 5e 5d c3 90 90 55 48 89 e5 41 56 53 48 8b 1f
0x000000010736a7f6:   c7 83 70 02 00 00 05 00 00 00 48 8d 05 21 6c 78
0x000000010736a806:   00 8b 00 83 f8 01 41 89 f6 75 0c 48 8d 0d 6e d7 

Register to memory mapping:

RAX=0x0000000000000000 is an unknown value
RBX=0x0000000000000000 is an unknown value
RCX=0x00007fdd7e09a050 is an unknown value
RDX=0x00007fffa8fcae80: OBJC_CLASS_$_NSControl+0 in /System/Library/Frameworks/AppKit.framework/Versions/C/AppKit at 0x00007fff4c87b000
RSP=0x00007ffee9426140 is an unknown value
RBP=0x00007ffee9426150 is an unknown value
RSI=0x0000000000000006 is an unknown value
RDI=0x00007ffee9426190 is an unknown value
R8 =0x00000000000001ff is an unknown value
R9 =0x00007fdd81499170 is an unknown value
R10=0x000000012a019468: OBJC_METACLASS_$_ThreadUtilities+0 in /Library/Java/JavaVirtualMachines/jdk1.8.0_131.jdk/Contents/Home/jre/lib/./libosxapp.dylib at 0x000000012a011000
R11=0x00007fdd81329040 is an unknown value
R12=0x00007fff75ff1e80: objc_msgSend+0 in /usr/lib/libobjc.A.dylib at 0x00007fff75feb000
R13=0x00007fff4d54b058: .str.41.llvm.371263A9+0x3a2e2 in /System/Library/Frameworks/AppKit.framework/Versions/C/AppKit at 0x00007fff4c87b000
R14=0x00007fdd7e0999f8 is an unknown value
R15=0x0000000000000000 is an unknown value


Stack: [0x00007ffee8c29000,0x00007ffee9429000],  sp=0x00007ffee9426140,  free space=8180k
Native frames: (J=compiled Java code, j=interpreted, Vv=VM code, C=native code)
V  [libjvm.dylib+0x16a7f6]  ThreadStateTransition::trans_from_native(JavaThreadState)+0xa
V  [libjvm.dylib+0x3149d5]  jni_PushLocalFrame+0x2f
C  [libawt_lwawt.dylib+0x7370]  -[AWTView accessibilityFocusedUIElement]+0x77
C  [AppKit+0x926077]  -[NSWindow(NSWindowAccessibility) accessibilityFocusedUIElement]+0x76
C  [libawt_lwawt.dylib+0x3157f]  +[JavaComponentAccessibility postFocusChanged:]+0x60
C  [Foundation+0x68125]  __NSThreadPerformPerform+0x14e
C  [CoreFoundation+0xa35a1]  __CFRUNLOOP_IS_CALLING_OUT_TO_A_SOURCE0_PERFORM_FUNCTION__+0x11
C  [CoreFoundation+0x15d35c]  __CFRunLoopDoSource0+0x6c
C  [CoreFoundation+0x8609c]  __CFRunLoopDoSources0+0x12c
C  [CoreFoundation+0x854bd]  __CFRunLoopRun+0x50d
C  [CoreFoundation+0x84d23]  CFRunLoopRunSpecific+0x1e3
C  [java+0x6465]  CreateExecutionEnvironment+0x367
C  [java+0x218c]  JLI_Launch+0x7a0
C  [java+0x84c2]  main+0x65
C  [java+0x19e4]  start+0x34


---------------  P R O C E S S  ---------------

VM state:not at safepoint (normal execution)

VM Mutex/Monitor currently owned by a thread: None

Heap:
 PSYoungGen      total 38400K, used 27774K [0x0000000795580000, 0x0000000798000000, 0x00000007c0000000)
  eden space 33280K, 68% used [0x0000000795580000,0x0000000796ba65c8,0x0000000797600000)
  from space 5120K, 99% used [0x0000000797600000,0x0000000797af9400,0x0000000797b00000)
  to   space 5120K, 0% used [0x0000000797b00000,0x0000000797b00000,0x0000000798000000)
 ParOldGen       total 51712K, used 10576K [0x0000000740000000, 0x0000000743280000, 0x0000000795580000)
  object space 51712K, 20% used [0x0000000740000000,0x0000000740a54210,0x0000000743280000)
 Metaspace       used 29137K, capacity 30528K, committed 30720K, reserved 1075200K
  class space    used 3985K, capacity 4286K, committed 4352K, reserved 1048576K

Card table byte_map: [0x0000000108563000,0x0000000108964000] byte_map_base: 0x0000000104b63000

Marking Bits: (ParMarkBitMap*) 0x0000000107af1ea0
 Begin Bits: [0x000000011aeea000, 0x000000011ceea000)
 End Bits:   [0x000000011ceea000, 0x000000011eeea000)

Polling page: 0x0000000106894000

CodeCache: size=245760Kb used=15585Kb max_used=15585Kb free=230174Kb
 bounds [0x000000010beea000, 0x000000010ce5a000, 0x000000011aeea000]
 total_blobs=5870 nmethods=4997 adapters=783
 compilation: enabled

Compilation events (10 events):
Event: 256.755 Thread 0x00007fdd7d858000 5490   !   3       java.util.ArrayList$Itr::remove (68 bytes)
Event: 256.755 Thread 0x00007fdd7d858000 nmethod 5490 0x000000010c5c9d90 code [0x000000010c5c9f60, 0x000000010c5ca458]
Event: 256.767 Thread 0x00007fdd7c826800 5491       4       java.awt.Component::getFont (5 bytes)
Event: 256.768 Thread 0x00007fdd7d858000 5492       1       java.awt.AWTEvent::isConsumed (5 bytes)
Event: 256.768 Thread 0x00007fdd7d858000 nmethod 5492 0x000000010c32f990 code [0x000000010c32fae0, 0x000000010c32fbf0]
Event: 256.768 Thread 0x00007fdd7c826800 nmethod 5491 0x000000010c81b0d0 code [0x000000010c81b220, 0x000000010c81b2e8]
Event: 256.768 Thread 0x00007fdd7d858000 5493   !   3       javax.swing.plaf.basic.BasicTextUI::modelToView (143 bytes)
Event: 256.769 Thread 0x00007fdd7d858000 nmethod 5493 0x000000010c4b1a50 code [0x000000010c4b1cc0, 0x000000010c4b2f98]
Event: 256.769 Thread 0x00007fdd7d858000 5494       3       javax.swing.plaf.basic.BasicTextUI$RootView::modelToView (20 bytes)
Event: 256.769 Thread 0x00007fdd7d858000 nmethod 5494 0x000000010c59c550 code [0x000000010c59c6c0, 0x000000010c59c928]

GC Heap History (8 events):
Event: 1.075 GC heap before
{Heap before GC invocations=1 (full 0):
 PSYoungGen      total 38400K, used 33280K [0x0000000795580000, 0x0000000798000000, 0x00000007c0000000)
  eden space 33280K, 100% used [0x0000000795580000,0x0000000797600000,0x0000000797600000)
  from space 5120K, 0% used [0x0000000797b00000,0x0000000797b00000,0x0000000798000000)
  to   space 5120K, 0% used [0x0000000797600000,0x0000000797600000,0x0000000797b00000)
 ParOldGen       total 87552K, used 0K [0x0000000740000000, 0x0000000745580000, 0x0000000795580000)
  object space 87552K, 0% used [0x0000000740000000,0x0000000740000000,0x0000000745580000)
 Metaspace       used 14946K, capacity 15516K, committed 15616K, reserved 1062912K
  class space    used 2068K, capacity 2274K, committed 2304K, reserved 1048576K
Event: 1.085 GC heap after
Heap after GC invocations=1 (full 0):
 PSYoungGen      total 38400K, used 4818K [0x0000000795580000, 0x0000000798000000, 0x00000007c0000000)
  eden space 33280K, 0% used [0x0000000795580000,0x0000000795580000,0x0000000797600000)
  from space 5120K, 94% used [0x0000000797600000,0x0000000797ab4ae0,0x0000000797b00000)
  to   space 5120K, 0% used [0x0000000797b00000,0x0000000797b00000,0x0000000798000000)
 ParOldGen       total 87552K, used 3482K [0x0000000740000000, 0x0000000745580000, 0x0000000795580000)
  object space 87552K, 3% used [0x0000000740000000,0x0000000740366878,0x0000000745580000)
 Metaspace       used 14946K, capacity 15516K, committed 15616K, reserved 1062912K
  class space    used 2068K, capacity 2274K, committed 2304K, reserved 1048576K
}
Event: 22.077 GC heap before
{Heap before GC invocations=2 (full 0):
 PSYoungGen      total 38400K, used 25648K [0x0000000795580000, 0x0000000798000000, 0x00000007c0000000)
  eden space 33280K, 62% used [0x0000000795580000,0x00000007969d75e8,0x0000000797600000)
  from space 5120K, 94% used [0x0000000797600000,0x0000000797ab4ae0,0x0000000797b00000)
  to   space 5120K, 0% used [0x0000000797b00000,0x0000000797b00000,0x0000000798000000)
 ParOldGen       total 87552K, used 3482K [0x0000000740000000, 0x0000000745580000, 0x0000000795580000)
  object space 87552K, 3% used [0x0000000740000000,0x0000000740366878,0x0000000745580000)
 Metaspace       used 20407K, capacity 21228K, committed 21296K, reserved 1067008K
  class space    used 2885K, capacity 3136K, committed 3200K, reserved 1048576K
Event: 22.086 GC heap after
Heap after GC invocations=2 (full 0):
 PSYoungGen      total 38400K, used 5091K [0x0000000795580000, 0x0000000798000000, 0x00000007c0000000)
  eden space 33280K, 0% used [0x0000000795580000,0x0000000795580000,0x0000000797600000)
  from space 5120K, 99% used [0x0000000797b00000,0x0000000797ff8dd0,0x0000000798000000)
  to   space 5120K, 0% used [0x0000000797600000,0x0000000797600000,0x0000000797b00000)
 ParOldGen       total 87552K, used 10528K [0x0000000740000000, 0x0000000745580000, 0x0000000795580000)
  object space 87552K, 12% used [0x0000000740000000,0x0000000740a48010,0x0000000745580000)
 Metaspace       used 20407K, capacity 21228K, committed 21296K, reserved 1067008K
  class space    used 2885K, capacity 3136K, committed 3200K, reserved 1048576K
}
Event: 22.086 GC heap before
{Heap before GC invocations=3 (full 1):
 PSYoungGen      total 38400K, used 5091K [0x0000000795580000, 0x0000000798000000, 0x00000007c0000000)
  eden space 33280K, 0% used [0x0000000795580000,0x0000000795580000,0x0000000797600000)
  from space 5120K, 99% used [0x0000000797b00000,0x0000000797ff8dd0,0x0000000798000000)
  to   space 5120K, 0% used [0x0000000797600000,0x0000000797600000,0x0000000797b00000)
 ParOldGen       total 87552K, used 10528K [0x0000000740000000, 0x0000000745580000, 0x0000000795580000)
  object space 87552K, 12% used [0x0000000740000000,0x0000000740a48010,0x0000000745580000)
 Metaspace       used 20407K, capacity 21228K, committed 21296K, reserved 1067008K
  class space    used 2885K, capacity 3136K, committed 3200K, reserved 1048576K
Event: 22.121 GC heap after
Heap after GC invocations=3 (full 1):
 PSYoungGen      total 38400K, used 0K [0x0000000795580000, 0x0000000798000000, 0x00000007c0000000)
  eden space 33280K, 0% used [0x0000000795580000,0x0000000795580000,0x0000000797600000)
  from space 5120K, 0% used [0x0000000797b00000,0x0000000797b00000,0x0000000798000000)
  to   space 5120K, 0% used [0x0000000797600000,0x0000000797600000,0x0000000797b00000)
 ParOldGen       total 51712K, used 10386K [0x0000000740000000, 0x0000000743280000, 0x0000000795580000)
  object space 51712K, 20% used [0x0000000740000000,0x0000000740a24bc0,0x0000000743280000)
 Metaspace       used 20407K, capacity 21228K, committed 21296K, reserved 1067008K
  class space    used 2885K, capacity 3136K, committed 3200K, reserved 1048576K
}
Event: 123.772 GC heap before
{Heap before GC invocations=4 (full 1):
 PSYoungGen      total 38400K, used 33280K [0x0000000795580000, 0x0000000798000000, 0x00000007c0000000)
  eden space 33280K, 100% used [0x0000000795580000,0x0000000797600000,0x0000000797600000)
  from space 5120K, 0% used [0x0000000797b00000,0x0000000797b00000,0x0000000798000000)
  to   space 5120K, 0% used [0x0000000797600000,0x0000000797600000,0x0000000797b00000)
 ParOldGen       total 51712K, used 10386K [0x0000000740000000, 0x0000000743280000, 0x0000000795580000)
  object space 51712K, 20% used [0x0000000740000000,0x0000000740a24bc0,0x0000000743280000)
 Metaspace       used 28565K, capacity 29910K, committed 30208K, reserved 1075200K
  class space    used 3959K, capacity 4277K, committed 4352K, reserved 1048576K
Event: 123.777 GC heap after
Heap after GC invocations=4 (full 1):
 PSYoungGen      total 38400K, used 5093K [0x0000000795580000, 0x0000000798000000, 0x00000007c0000000)
  eden space 33280K, 0% used [0x0000000795580000,0x0000000795580000,0x0000000797600000)
  from space 5120K, 99% used [0x0000000797600000,0x0000000797af9400,0x0000000797b00000)
  to   space 5120K, 0% used [0x0000000797b00000,0x0000000797b00000,0x0000000798000000)
 ParOldGen       total 51712K, used 10576K [0x0000000740000000, 0x0000000743280000, 0x0000000795580000)
  object space 51712K, 20% used [0x0000000740000000,0x0000000740a54210,0x0000000743280000)
 Metaspace       used 28565K, capacity 29910K, committed 30208K, reserved 1075200K
  class space    used 3959K, capacity 4277K, committed 4352K, reserved 1048576K
}

Deoptimization events (10 events):
Event: 122.152 Thread 0x00007fdd7e099800 Uncommon trap: reason=array_check action=maybe_recompile pc=0x000000010cc043e4 method=com.sun.javafx.css.CompoundSelector.applies(Ljavafx/css/Styleable;[Ljava/util/Set;I)Z @ 128
Event: 211.869 Thread 0x00007fdd7c912000 Uncommon trap: reason=class_check action=maybe_recompile pc=0x000000010ca82d40 method=java.awt.EventQueue.cacheEQItem(Lsun/awt/EventQueueItem;)V @ 20
Event: 211.873 Thread 0x00007fdd7c912000 Uncommon trap: reason=class_check action=maybe_recompile pc=0x000000010ca82d40 method=java.awt.EventQueue.cacheEQItem(Lsun/awt/EventQueueItem;)V @ 20
Event: 211.874 Thread 0x00007fdd7e099800 Uncommon trap: reason=class_check action=maybe_recompile pc=0x000000010ca82d40 method=java.awt.EventQueue.cacheEQItem(Lsun/awt/EventQueueItem;)V @ 20
Event: 211.874 Thread 0x00007fdd7c912000 Uncommon trap: reason=unstable_if action=reinterpret pc=0x000000010ca82714 method=java.awt.EventQueue.getPriority(Ljava/awt/AWTEvent;)I @ 71
Event: 211.971 Thread 0x00007fdd7e099800 Uncommon trap: reason=unstable_if action=reinterpret pc=0x000000010cc000cc method=com.sun.javafx.css.StyleManager$RefList.add(Ljava/lang/Object;)V @ 39
Event: 256.091 Thread 0x00007fdd7e099800 Uncommon trap: reason=unstable_if action=reinterpret pc=0x000000010cb76ca4 method=com.sun.javafx.css.StyleManager$CacheContainer.getStyleMap(I)Lcom/sun/javafx/css/StyleMap; @ 22
Event: 256.091 Thread 0x00007fdd7e099800 Uncommon trap: reason=unstable_if action=reinterpret pc=0x000000010cb69438 method=com.sun.javafx.css.StyleManager$CacheContainer.getStyleMap(I)Lcom/sun/javafx/css/StyleMap; @ 22
Event: 256.752 Thread 0x00007fdd7e099800 Uncommon trap: reason=predicate action=maybe_recompile pc=0x000000010c59f8d0 method=java.util.ArrayList.remove(Ljava/lang/Object;)Z @ 49
Event: 256.770 Thread 0x00007fdd7c9a5800 Uncommon trap: reason=unstable_if action=reinterpret pc=0x000000010ccd0be8 method=java.util.concurrent.locks.AbstractQueuedSynchronizer$ConditionObject.checkInterruptWhileWaiting(Ljava/util/concurrent/locks/AbstractQueuedSynchronizer$Node;)I @ 3

Internal exceptions (10 events):
Event: 0.670 Thread 0x00007fdd7e099800 Implicit null exception at 0x000000010c1b83f5 to 0x000000010c1b8631
Event: 3.202 Thread 0x00007fdd7e099800 Exception <a 'java/lang/ArrayIndexOutOfBoundsException'> (0x000000079609d938) thrown at [/Users/java_re/workspace/8-2-build-macosx-x86_64/jdk8u131/8869/hotspot/src/share/vm/runtime/sharedRuntime.cpp, line 605]
Event: 22.045 Thread 0x00007fdd7e099800 Exception <a 'java/lang/ArrayIndexOutOfBoundsException'> (0x0000000796922828) thrown at [/Users/java_re/workspace/8-2-build-macosx-x86_64/jdk8u131/8869/hotspot/src/share/vm/runtime/sharedRuntime.cpp, line 605]
Event: 22.047 Thread 0x00007fdd7e099800 Exception <a 'java/lang/ArrayIndexOutOfBoundsException'> (0x0000000796934578) thrown at [/Users/java_re/workspace/8-2-build-macosx-x86_64/jdk8u131/8869/hotspot/src/share/vm/runtime/sharedRuntime.cpp, line 605]
Event: 22.065 Thread 0x00007fdd7e099800 Exception <a 'java/io/FileNotFoundException'> (0x000000079695bf60) thrown at [/Users/java_re/workspace/8-2-build-macosx-x86_64/jdk8u131/8869/hotspot/src/share/vm/prims/jni.cpp, line 709]
Event: 22.065 Thread 0x00007fdd7e099800 Exception <a 'java/io/FileNotFoundException'> (0x000000079695ced0) thrown at [/Users/java_re/workspace/8-2-build-macosx-x86_64/jdk8u131/8869/hotspot/src/share/vm/prims/jni.cpp, line 709]
Event: 22.153 Thread 0x00007fdd7c928000 Implicit null exception at 0x000000010c67790f to 0x000000010c6779ed
Event: 22.189 Thread 0x00007fdd7e099800 Implicit null exception at 0x000000010c1a3bf5 to 0x000000010c1a3fb5
Event: 22.190 Thread 0x00007fdd7e099800 Implicit null exception at 0x000000010c0ef7f6 to 0x000000010c0efbbd
Event: 123.779 Thread 0x00007fdd7d82c800 Exception <a 'java/lang/NullPointerException'> (0x000000079565e218) thrown at [/Users/java_re/workspace/8-2-build-macosx-x86_64/jdk8u131/8869/hotspot/src/share/vm/interpreter/linkResolver.cpp, line 1197]

Events (10 events):
Event: 256.769 loading class com/sun/javafx/tk/quantum/QuantumRenderer done
Event: 256.770 Thread 0x00007fdd7c9a5800 Uncommon trap: trap_request=0xffffff65 fr.pc=0x000000010ccd0be8
Event: 256.770 Thread 0x00007fdd7c9a5800 DEOPT PACKING pc=0x000000010ccd0be8 sp=0x000070000d9175a0
Event: 256.770 Thread 0x00007fdd7c9a5800 DEOPT UNPACKING pc=0x000000010beef229 sp=0x000070000d917518 mode 2
Event: 256.770 loading class com/sun/javafx/tk/quantum/QuantumToolkit
Event: 256.770 loading class com/sun/javafx/tk/quantum/QuantumToolkit done
Event: 256.770 Thread 0x00007fdd7c9a5800 Thread exited: 0x00007fdd7c9a5800
Event: 256.770 Thread 0x00007fdd7d9f1000 Thread exited: 0x00007fdd7d9f1000
Event: 256.770 loading class java/util/Scanner
Event: 256.770 Thread 0x00007fdd7e099800 Thread exited: 0x00007fdd7e099800


Dynamic libraries:
0x00000000278ad000 	/System/Library/Frameworks/Cocoa.framework/Versions/A/Cocoa
0x00000000278ad000 	/System/Library/Frameworks/Security.framework/Versions/A/Security
0x00000000278ad000 	/System/Library/Frameworks/ApplicationServices.framework/Versions/A/ApplicationServices
0x00000000278ad000 	/usr/lib/libz.1.dylib
0x00000000278ad000 	/usr/lib/libSystem.B.dylib
0x00000000278ad000 	/usr/lib/libobjc.A.dylib
0x00000000278ad000 	/System/Library/Frameworks/CoreFoundation.framework/Versions/A/CoreFoundation
0x00000000278ad000 	/System/Library/Frameworks/Foundation.framework/Versions/C/Foundation
0x00000000278ad000 	/System/Library/Frameworks/AppKit.framework/Versions/C/AppKit
0x00000000278ad000 	/System/Library/Frameworks/CoreData.framework/Versions/A/CoreData
0x00000000278ad000 	/System/Library/PrivateFrameworks/RemoteViewServices.framework/Versions/A/RemoteViewServices
0x00000000278ad000 	/System/Library/PrivateFrameworks/UIFoundation.framework/Versions/A/UIFoundation
0x00000000278ad000 	/System/Library/PrivateFrameworks/DFRFoundation.framework/Versions/A/DFRFoundation
0x00000000278ad000 	/System/Library/Frameworks/Metal.framework/Versions/A/Metal
0x00000000278ad000 	/System/Library/PrivateFrameworks/DesktopServicesPriv.framework/Versions/A/DesktopServicesPriv
0x00000000278ad000 	/usr/lib/libenergytrace.dylib
0x00000000278ad000 	/System/Library/PrivateFrameworks/SkyLight.framework/Versions/A/SkyLight
0x00000000278ad000 	/System/Library/Frameworks/CoreGraphics.framework/Versions/A/CoreGraphics
0x00000000278ad000 	/usr/lib/libScreenReader.dylib
0x00000000278ad000 	/System/Library/Frameworks/Accelerate.framework/Versions/A/Accelerate
0x00000000278ad000 	/System/Library/Frameworks/IOSurface.framework/Versions/A/IOSurface
0x00000000278ad000 	/System/Library/Frameworks/AudioToolbox.framework/Versions/A/AudioToolbox
0x00000000278ad000 	/System/Library/Frameworks/AudioUnit.framework/Versions/A/AudioUnit
0x00000000278ad000 	/System/Library/PrivateFrameworks/DataDetectorsCore.framework/Versions/A/DataDetectorsCore
0x00000000278ad000 	/System/Library/Frameworks/Carbon.framework/Versions/A/Frameworks/HIToolbox.framework/Versions/A/HIToolbox
0x00000000278ad000 	/usr/lib/libicucore.A.dylib
0x00000000278ad000 	/System/Library/Frameworks/QuartzCore.framework/Versions/A/QuartzCore
0x00000000278ad000 	/System/Library/Frameworks/Carbon.framework/Versions/A/Frameworks/SpeechRecognition.framework/Versions/A/SpeechRecognition
0x00000000278ad000 	/usr/lib/libauto.dylib
0x00000000278ad000 	/usr/lib/libxml2.2.dylib
0x00000000278ad000 	/System/Library/PrivateFrameworks/CoreUI.framework/Versions/A/CoreUI
0x00000000278ad000 	/System/Library/Frameworks/CoreAudio.framework/Versions/A/CoreAudio
0x00000000278ad000 	/System/Library/Frameworks/DiskArbitration.framework/Versions/A/DiskArbitration
0x00000000278ad000 	/usr/lib/liblangid.dylib
0x00000000278ad000 	/System/Library/PrivateFrameworks/MultitouchSupport.framework/Versions/A/MultitouchSupport
0x00000000278ad000 	/System/Library/Frameworks/IOKit.framework/Versions/A/IOKit
0x00000000278ad000 	/usr/lib/libDiagnosticMessagesClient.dylib
0x00000000278ad000 	/System/Library/Frameworks/CoreServices.framework/Versions/A/CoreServices
0x00000000278ad000 	/System/Library/PrivateFrameworks/PerformanceAnalysis.framework/Versions/A/PerformanceAnalysis
0x00000000278ad000 	/System/Library/Frameworks/OpenGL.framework/Versions/A/OpenGL
0x00000000278ad000 	/System/Library/Frameworks/ColorSync.framework/Versions/A/ColorSync
0x00000000278ad000 	/System/Library/Frameworks/CoreImage.framework/Versions/A/CoreImage
0x00000000278ad000 	/System/Library/Frameworks/CoreText.framework/Versions/A/CoreText
0x00000000278ad000 	/System/Library/Frameworks/ImageIO.framework/Versions/A/ImageIO
0x00000000278ad000 	/System/Library/PrivateFrameworks/Backup.framework/Versions/A/Backup
0x00000000278ad000 	/usr/lib/libarchive.2.dylib
0x00000000278ad000 	/System/Library/Frameworks/CFNetwork.framework/Versions/A/CFNetwork
0x00000000278ad000 	/System/Library/Frameworks/SystemConfiguration.framework/Versions/A/SystemConfiguration
0x00000000278ad000 	/usr/lib/libCRFSuite.dylib
0x00000000278ad000 	/usr/lib/libc++.1.dylib
0x00000000278ad000 	/usr/lib/libc++abi.dylib
0x00000000278ad000 	/usr/lib/system/libcache.dylib
0x00000000278ad000 	/usr/lib/system/libcommonCrypto.dylib
0x00000000278ad000 	/usr/lib/system/libcompiler_rt.dylib
0x00000000278ad000 	/usr/lib/system/libcopyfile.dylib
0x00000000278ad000 	/usr/lib/system/libcorecrypto.dylib
0x00000000278ad000 	/usr/lib/system/libdispatch.dylib
0x00000000278ad000 	/usr/lib/system/libdyld.dylib
0x00000000278ad000 	/usr/lib/system/libkeymgr.dylib
0x00000000278ad000 	/usr/lib/system/liblaunch.dylib
0x00000000278ad000 	/usr/lib/system/libmacho.dylib
0x00000000278ad000 	/usr/lib/system/libquarantine.dylib
0x00000000278ad000 	/usr/lib/system/libremovefile.dylib
0x00000000278ad000 	/usr/lib/system/libsystem_asl.dylib
0x00000000278ad000 	/usr/lib/system/libsystem_blocks.dylib
0x00000000278ad000 	/usr/lib/system/libsystem_c.dylib
0x00000000278ad000 	/usr/lib/system/libsystem_configuration.dylib
0x00000000278ad000 	/usr/lib/system/libsystem_coreservices.dylib
0x00000000278ad000 	/usr/lib/system/libsystem_darwin.dylib
0x00000000278ad000 	/usr/lib/system/libsystem_dnssd.dylib
0x00000000278ad000 	/usr/lib/system/libsystem_info.dylib
0x00000000278ad000 	/usr/lib/system/libsystem_m.dylib
0x00000000278ad000 	/usr/lib/system/libsystem_malloc.dylib
0x00000000278ad000 	/usr/lib/system/libsystem_network.dylib
0x00000000278ad000 	/usr/lib/system/libsystem_networkextension.dylib
0x00000000278ad000 	/usr/lib/system/libsystem_notify.dylib
0x00000000278ad000 	/usr/lib/system/libsystem_sandbox.dylib
0x00000000278ad000 	/usr/lib/system/libsystem_secinit.dylib
0x00000000278ad000 	/usr/lib/system/libsystem_kernel.dylib
0x00000000278ad000 	/usr/lib/system/libsystem_platform.dylib
0x00000000278ad000 	/usr/lib/system/libsystem_pthread.dylib
0x00000000278ad000 	/usr/lib/system/libsystem_symptoms.dylib
0x00000000278ad000 	/usr/lib/system/libsystem_trace.dylib
0x00000000278ad000 	/usr/lib/system/libunwind.dylib
0x00000000278ad000 	/usr/lib/system/libxpc.dylib
0x00000000278ad000 	/usr/lib/closure/libclosured.dylib
0x00000000278ad000 	/usr/lib/libbsm.0.dylib
0x00000000278ad000 	/usr/lib/system/libkxld.dylib
0x00000000278ad000 	/usr/lib/libOpenScriptingUtil.dylib
0x00000000278ad000 	/usr/lib/libcoretls.dylib
0x00000000278ad000 	/usr/lib/libcoretls_cfhelpers.dylib
0x00000000278ad000 	/usr/lib/libpam.2.dylib
0x00000000278ad000 	/usr/lib/libsqlite3.dylib
0x00000000278ad000 	/usr/lib/libxar.1.dylib
0x00000000278ad000 	/usr/lib/libbz2.1.0.dylib
0x00000000278ad000 	/usr/lib/liblzma.5.dylib
0x00000000278ad000 	/usr/lib/libnetwork.dylib
0x00000000278ad000 	/usr/lib/libapple_nghttp2.dylib
0x00000000278ad000 	/usr/lib/libpcap.A.dylib
0x00000000278ad000 	/usr/lib/libboringssl.dylib
0x00000000278ad000 	/usr/lib/libusrtcp.dylib
0x00000000278ad000 	/usr/lib/libapple_crypto.dylib
0x00000000278ad000 	/System/Library/Frameworks/CoreServices.framework/Versions/A/Frameworks/FSEvents.framework/Versions/A/FSEvents
0x00000000278ad000 	/System/Library/Frameworks/CoreServices.framework/Versions/A/Frameworks/CarbonCore.framework/Versions/A/CarbonCore
0x00000000278ad000 	/System/Library/Frameworks/CoreServices.framework/Versions/A/Frameworks/Metadata.framework/Versions/A/Metadata
0x00000000278ad000 	/System/Library/Frameworks/CoreServices.framework/Versions/A/Frameworks/OSServices.framework/Versions/A/OSServices
0x00000000278ad000 	/System/Library/Frameworks/CoreServices.framework/Versions/A/Frameworks/SearchKit.framework/Versions/A/SearchKit
0x00000000278ad000 	/System/Library/Frameworks/CoreServices.framework/Versions/A/Frameworks/AE.framework/Versions/A/AE
0x00000000278ad000 	/System/Library/Frameworks/CoreServices.framework/Versions/A/Frameworks/LaunchServices.framework/Versions/A/LaunchServices
0x00000000278ad000 	/System/Library/Frameworks/CoreServices.framework/Versions/A/Frameworks/DictionaryServices.framework/Versions/A/DictionaryServices
0x00000000278ad000 	/System/Library/Frameworks/CoreServices.framework/Versions/A/Frameworks/SharedFileList.framework/Versions/A/SharedFileList
0x00000000278ad000 	/System/Library/Frameworks/NetFS.framework/Versions/A/NetFS
0x00000000278ad000 	/System/Library/PrivateFrameworks/NetAuth.framework/Versions/A/NetAuth
0x00000000278ad000 	/System/Library/PrivateFrameworks/login.framework/Versions/A/Frameworks/loginsupport.framework/Versions/A/loginsupport
0x00000000278ad000 	/System/Library/PrivateFrameworks/TCC.framework/Versions/A/TCC
0x00000000278ad000 	/usr/lib/libmecabra.dylib
0x00000000278ad000 	/System/Library/Frameworks/ApplicationServices.framework/Versions/A/Frameworks/ATS.framework/Versions/A/ATS
0x00000000278ad000 	/System/Library/Frameworks/ApplicationServices.framework/Versions/A/Frameworks/ColorSyncLegacy.framework/Versions/A/ColorSyncLegacy
0x00000000278ad000 	/System/Library/Frameworks/ApplicationServices.framework/Versions/A/Frameworks/HIServices.framework/Versions/A/HIServices
0x00000000278ad000 	/System/Library/Frameworks/ApplicationServices.framework/Versions/A/Frameworks/LangAnalysis.framework/Versions/A/LangAnalysis
0x00000000278ad000 	/System/Library/Frameworks/ApplicationServices.framework/Versions/A/Frameworks/PrintCore.framework/Versions/A/PrintCore
0x00000000278ad000 	/System/Library/Frameworks/ApplicationServices.framework/Versions/A/Frameworks/QD.framework/Versions/A/QD
0x00000000278ad000 	/System/Library/Frameworks/ApplicationServices.framework/Versions/A/Frameworks/SpeechSynthesis.framework/Versions/A/SpeechSynthesis
0x00000000278ad000 	/System/Library/Frameworks/CoreDisplay.framework/Versions/A/CoreDisplay
0x00000000278ad000 	/System/Library/Frameworks/Accelerate.framework/Versions/A/Frameworks/vImage.framework/Versions/A/vImage
0x00000000278ad000 	/System/Library/Frameworks/Accelerate.framework/Versions/A/Frameworks/vecLib.framework/Versions/A/vecLib
0x00000000278ad000 	/System/Library/Frameworks/Accelerate.framework/Versions/A/Frameworks/vecLib.framework/Versions/A/libvDSP.dylib
0x00000000278ad000 	/System/Library/Frameworks/Accelerate.framework/Versions/A/Frameworks/vecLib.framework/Versions/A/libBNNS.dylib
0x00000000278ad000 	/System/Library/Frameworks/Accelerate.framework/Versions/A/Frameworks/vecLib.framework/Versions/A/libQuadrature.dylib
0x00000000278ad000 	/System/Library/Frameworks/Accelerate.framework/Versions/A/Frameworks/vecLib.framework/Versions/A/libvMisc.dylib
0x00000000278ad000 	/System/Library/Frameworks/Accelerate.framework/Versions/A/Frameworks/vecLib.framework/Versions/A/libLAPACK.dylib
0x00000000278ad000 	/System/Library/Frameworks/Accelerate.framework/Versions/A/Frameworks/vecLib.framework/Versions/A/libBLAS.dylib
0x00000000278ad000 	/System/Library/Frameworks/Accelerate.framework/Versions/A/Frameworks/vecLib.framework/Versions/A/libLinearAlgebra.dylib
0x00000000278ad000 	/System/Library/Frameworks/Accelerate.framework/Versions/A/Frameworks/vecLib.framework/Versions/A/libSparse.dylib
0x00000000278ad000 	/System/Library/Frameworks/Accelerate.framework/Versions/A/Frameworks/vecLib.framework/Versions/A/libSparseBLAS.dylib
0x00000000278ad000 	/System/Library/PrivateFrameworks/IOAccelerator.framework/Versions/A/IOAccelerator
0x00000000278ad000 	/System/Library/PrivateFrameworks/IOPresentment.framework/Versions/A/IOPresentment
0x00000000278ad000 	/System/Library/PrivateFrameworks/DSExternalDisplay.framework/Versions/A/DSExternalDisplay
0x00000000278ad000 	/System/Library/Frameworks/OpenGL.framework/Versions/A/Libraries/libCoreFSCache.dylib
0x00000000278ad000 	/System/Library/Frameworks/CoreVideo.framework/Versions/A/CoreVideo
0x00000000278ad000 	/System/Library/PrivateFrameworks/GraphVisualizer.framework/Versions/A/GraphVisualizer
0x00000000278ad000 	/System/Library/Frameworks/MetalPerformanceShaders.framework/Versions/A/MetalPerformanceShaders
0x00000000278ad000 	/usr/lib/libFosl_dynamic.dylib
0x00000000278ad000 	/System/Library/PrivateFrameworks/FaceCore.framework/Versions/A/FaceCore
0x00000000278ad000 	/System/Library/Frameworks/OpenCL.framework/Versions/A/OpenCL
0x00000000278ad000 	/usr/lib/libcompression.dylib
0x00000000278ad000 	/System/Library/Frameworks/ApplicationServices.framework/Versions/A/Frameworks/ATS.framework/Versions/A/Resources/libFontParser.dylib
0x00000000278ad000 	/System/Library/Frameworks/ApplicationServices.framework/Versions/A/Frameworks/ATS.framework/Versions/A/Resources/libFontRegistry.dylib
0x00000000278ad000 	/System/Library/Frameworks/ImageIO.framework/Versions/A/Resources/libJPEG.dylib
0x00000000278ad000 	/System/Library/Frameworks/ImageIO.framework/Versions/A/Resources/libTIFF.dylib
0x00000000278ad000 	/System/Library/Frameworks/ImageIO.framework/Versions/A/Resources/libPng.dylib
0x00000000278ad000 	/System/Library/Frameworks/ImageIO.framework/Versions/A/Resources/libGIF.dylib
0x00000000278ad000 	/System/Library/Frameworks/ImageIO.framework/Versions/A/Resources/libJP2.dylib
0x00000000278ad000 	/System/Library/Frameworks/ImageIO.framework/Versions/A/Resources/libRadiance.dylib
0x00000000278ad000 	/System/Library/PrivateFrameworks/AppleJPEG.framework/Versions/A/AppleJPEG
0x00000000278ad000 	/System/Library/PrivateFrameworks/MetalTools.framework/Versions/A/MetalTools
0x00000000278ad000 	/System/Library/Frameworks/MetalPerformanceShaders.framework/Frameworks/MPSCore.framework/Versions/A/MPSCore
0x00000000278ad000 	/System/Library/Frameworks/MetalPerformanceShaders.framework/Frameworks/MPSImage.framework/Versions/A/MPSImage
0x00000000278ad000 	/System/Library/Frameworks/MetalPerformanceShaders.framework/Frameworks/MPSMatrix.framework/Versions/A/MPSMatrix
0x00000000278ad000 	/System/Library/Frameworks/MetalPerformanceShaders.framework/Frameworks/MPSNeuralNetwork.framework/Versions/A/MPSNeuralNetwork
0x00000000278ad000 	/System/Library/Frameworks/OpenGL.framework/Versions/A/Libraries/libGLU.dylib
0x00000000278ad000 	/System/Library/Frameworks/OpenGL.framework/Versions/A/Libraries/libGFXShared.dylib
0x00000000278ad000 	/System/Library/Frameworks/OpenGL.framework/Versions/A/Libraries/libGL.dylib
0x00000000278ad000 	/System/Library/Frameworks/OpenGL.framework/Versions/A/Libraries/libGLImage.dylib
0x00000000278ad000 	/System/Library/Frameworks/OpenGL.framework/Versions/A/Libraries/libCVMSPluginSupport.dylib
0x00000000278ad000 	/System/Library/Frameworks/OpenGL.framework/Versions/A/Libraries/libCoreVMClient.dylib
0x00000000278ad000 	/usr/lib/libcups.2.dylib
0x00000000278ad000 	/System/Library/Frameworks/Kerberos.framework/Versions/A/Kerberos
0x00000000278ad000 	/System/Library/Frameworks/GSS.framework/Versions/A/GSS
0x00000000278ad000 	/usr/lib/libresolv.9.dylib
0x00000000278ad000 	/usr/lib/libiconv.2.dylib
0x00000000278ad000 	/System/Library/PrivateFrameworks/Heimdal.framework/Versions/A/Heimdal
0x00000000278ad000 	/usr/lib/libheimdal-asn1.dylib
0x00000000278ad000 	/System/Library/Frameworks/OpenDirectory.framework/Versions/A/OpenDirectory
0x00000000278ad000 	/System/Library/PrivateFrameworks/CommonAuth.framework/Versions/A/CommonAuth
0x00000000278ad000 	/System/Library/Frameworks/OpenDirectory.framework/Versions/A/Frameworks/CFOpenDirectory.framework/Versions/A/CFOpenDirectory
0x00000000278ad000 	/System/Library/Frameworks/SecurityFoundation.framework/Versions/A/SecurityFoundation
0x00000000278ad000 	/System/Library/PrivateFrameworks/APFS.framework/Versions/A/APFS
0x00000000278ad000 	/usr/lib/libutil.dylib
0x00000000278ad000 	/System/Library/PrivateFrameworks/AppleSauce.framework/Versions/A/AppleSauce
0x00000000278ad000 	/System/Library/PrivateFrameworks/LinguisticData.framework/Versions/A/LinguisticData
0x00000000278ad000 	/usr/lib/libmarisa.dylib
0x00000000278ad000 	/System/Library/PrivateFrameworks/Lexicon.framework/Versions/A/Lexicon
0x00000000278ad000 	/usr/lib/libChineseTokenizer.dylib
0x00000000278ad000 	/usr/lib/libcmph.dylib
0x00000000278ad000 	/System/Library/PrivateFrameworks/LanguageModeling.framework/Versions/A/LanguageModeling
0x00000000278ad000 	/System/Library/PrivateFrameworks/CoreEmoji.framework/Versions/A/CoreEmoji
0x00000000278ad000 	/System/Library/Frameworks/ServiceManagement.framework/Versions/A/ServiceManagement
0x00000000278ad000 	/System/Library/PrivateFrameworks/BackgroundTaskManagement.framework/Versions/A/BackgroundTaskManagement
0x00000000278ad000 	/usr/lib/libxslt.1.dylib
0x00000000278ad000 	/System/Library/Frameworks/Carbon.framework/Versions/A/Frameworks/Ink.framework/Versions/A/Ink
0x00000000278ad000 	/System/Library/PrivateFrameworks/TextureIO.framework/Versions/A/TextureIO
0x00000000278ad000 	/usr/lib/libate.dylib
0x00000000278ad000 	/System/Library/PrivateFrameworks/CrashReporterSupport.framework/Versions/A/CrashReporterSupport
0x00000000278ad000 	/System/Library/PrivateFrameworks/Sharing.framework/Versions/A/Sharing
0x00000000278ad000 	/System/Library/PrivateFrameworks/IconServices.framework/Versions/A/IconServices
0x00000000278ad000 	/System/Library/PrivateFrameworks/ProtocolBuffer.framework/Versions/A/ProtocolBuffer
0x00000000278ad000 	/System/Library/PrivateFrameworks/Apple80211.framework/Versions/A/Apple80211
0x00000000278ad000 	/System/Library/Frameworks/CoreWLAN.framework/Versions/A/CoreWLAN
0x00000000278ad000 	/System/Library/PrivateFrameworks/CoreUtils.framework/Versions/A/CoreUtils
0x00000000278ad000 	/System/Library/Frameworks/IOBluetooth.framework/Versions/A/IOBluetooth
0x00000000278ad000 	/System/Library/PrivateFrameworks/CoreWiFi.framework/Versions/A/CoreWiFi
0x00000000278ad000 	/System/Library/Frameworks/CoreBluetooth.framework/Versions/A/CoreBluetooth
0x00000000278ad000 	/System/Library/PrivateFrameworks/SignpostNotification.framework/Versions/A/SignpostNotification
0x00000000278ad000 	/System/Library/PrivateFrameworks/DebugSymbols.framework/Versions/A/DebugSymbols
0x00000000278ad000 	/System/Library/PrivateFrameworks/CoreSymbolication.framework/Versions/A/CoreSymbolication
0x00000000278ad000 	/System/Library/PrivateFrameworks/Symbolication.framework/Versions/A/Symbolication
0x00000000278ad000 	/System/Library/PrivateFrameworks/AppleFSCompression.framework/Versions/A/AppleFSCompression
0x00000000278ad000 	/System/Library/PrivateFrameworks/SpeechRecognitionCore.framework/Versions/A/SpeechRecognitionCore
0x0000000107200000 	/Library/Java/JavaVirtualMachines/jdk1.8.0_131.jdk/Contents/Home/jre/lib/server/libjvm.dylib
0x00000000278ad000 	/usr/lib/libstdc++.6.0.9.dylib
0x0000000106851000 	/Library/Java/JavaVirtualMachines/jdk1.8.0_131.jdk/Contents/Home/jre/lib/libverify.dylib
0x000000010685f000 	/Library/Java/JavaVirtualMachines/jdk1.8.0_131.jdk/Contents/Home/jre/lib/libjava.dylib
0x000000010689d000 	/Library/Java/JavaVirtualMachines/jdk1.8.0_131.jdk/Contents/Home/jre/lib/libzip.dylib
0x00000000278ad000 	/System/Library/Frameworks/JavaVM.framework/Versions/A/Frameworks/JavaRuntimeSupport.framework/Versions/A/JavaRuntimeSupport
0x00000000278ad000 	/System/Library/Frameworks/JavaVM.framework/Versions/A/Frameworks/JavaNativeFoundation.framework/Versions/A/JavaNativeFoundation
0x00000000278ad000 	/System/Library/Frameworks/JavaVM.framework/Versions/A/JavaVM
0x00000000278ad000 	/System/Library/Frameworks/Carbon.framework/Versions/A/Carbon
0x00000000278ad000 	/System/Library/PrivateFrameworks/JavaLaunching.framework/Versions/A/JavaLaunching
0x00000000278ad000 	/System/Library/Frameworks/Carbon.framework/Versions/A/Frameworks/CommonPanels.framework/Versions/A/CommonPanels
0x00000000278ad000 	/System/Library/Frameworks/Carbon.framework/Versions/A/Frameworks/Help.framework/Versions/A/Help
0x00000000278ad000 	/System/Library/Frameworks/Carbon.framework/Versions/A/Frameworks/ImageCapture.framework/Versions/A/ImageCapture
0x00000000278ad000 	/System/Library/Frameworks/Carbon.framework/Versions/A/Frameworks/OpenScripting.framework/Versions/A/OpenScripting
0x00000000278ad000 	/System/Library/Frameworks/Carbon.framework/Versions/A/Frameworks/Print.framework/Versions/A/Print
0x00000000278ad000 	/System/Library/Frameworks/Carbon.framework/Versions/A/Frameworks/SecurityHI.framework/Versions/A/SecurityHI
0x000000010aa96000 	/Library/Java/JavaVirtualMachines/jdk1.8.0_131.jdk/Contents/Home/jre/lib/libprism_es2.dylib
0x00000000278ad000 	/System/Library/PrivateFrameworks/CoreServicesInternal.framework/Versions/A/CoreServicesInternal
0x00000000278ad000 	/System/Library/Frameworks/OpenGL.framework/Versions/A/Resources/GLEngine.bundle/GLEngine
0x00000000278ad000 	/System/Library/Frameworks/OpenGL.framework/Versions/A/Libraries/libGLProgrammability.dylib
0x000000010ab34000 	/System/Library/Extensions/AppleIntelKBLGraphicsGLDriver.bundle/Contents/MacOS/AppleIntelKBLGraphicsGLDriver
0x00000000278ad000 	/System/Library/PrivateFrameworks/GPUSupport.framework/Versions/A/Libraries/libGPUSupportMercury.dylib
0x00000000278ad000 	/System/Library/Frameworks/OpenGL.framework/Versions/A/Resources/GLRendererFloat.bundle/GLRendererFloat
0x00000000278ad000 	/System/Library/Frameworks/OpenCL.framework/Versions/A/Libraries/libcldcpuengine.dylib
0x00000000278ad000 	/usr/lib/libcrypto.35.dylib
0x00000000278ad000 	/System/Library/PrivateFrameworks/TrustEvaluationAgent.framework/Versions/A/TrustEvaluationAgent
0x0000000120971000 	/Library/Java/JavaVirtualMachines/jdk1.8.0_131.jdk/Contents/Home/jre/lib/libglass.dylib
0x00000000278ad000 	/System/Library/CoreServices/RawCamera.bundle/Contents/MacOS/RawCamera
0x00000000278ad000 	/System/Library/PrivateFrameworks/MobileAsset.framework/Versions/A/MobileAsset
0x00000000278ad000 	/System/Library/PrivateFrameworks/StreamingZip.framework/Versions/A/StreamingZip
0x00000000278ad000 	/System/Library/Frameworks/MediaToolbox.framework/Versions/A/MediaToolbox
0x00000000278ad000 	/System/Library/PrivateFrameworks/CoreAVCHD.framework/Versions/A/CoreAVCHD
0x00000000278ad000 	/System/Library/Frameworks/MediaAccessibility.framework/Versions/A/MediaAccessibility
0x00000000278ad000 	/System/Library/PrivateFrameworks/Mangrove.framework/Versions/A/Mangrove
0x00000000278ad000 	/System/Library/Frameworks/CoreMedia.framework/Versions/A/CoreMedia
0x00000000278ad000 	/System/Library/Frameworks/VideoToolbox.framework/Versions/A/VideoToolbox
0x00000000278ad000 	/System/Library/PrivateFrameworks/CoreAUC.framework/Versions/A/CoreAUC
0x00000000278ad000 	/usr/lib/libspindump.dylib
0x00000000278ad000 	/usr/lib/libdscsym.dylib
0x00000000278ad000 	/System/Library/PrivateFrameworks/AppleVA.framework/Versions/A/AppleVA
0x00000000278ad000 	/System/Library/Frameworks/Accelerate.framework/Versions/A/Frameworks/vImage.framework/Versions/A/Libraries/libCGInterfaces.dylib
0x00000000278ad000 	/System/Library/PrivateFrameworks/FamilyControls.framework/Versions/A/FamilyControls
0x00000000278ad000 	/System/Library/PrivateFrameworks/CommerceKit.framework/Versions/A/Frameworks/CommerceCore.framework/Versions/A/CommerceCore
0x00000000278ad000 	/System/Library/PrivateFrameworks/SystemAdministration.framework/Versions/A/SystemAdministration
0x00000000278ad000 	/System/Library/PrivateFrameworks/AppContainer.framework/Versions/A/AppContainer
0x00000000278ad000 	/System/Library/PrivateFrameworks/SecCodeWrapper.framework/Versions/A/SecCodeWrapper
0x00000000278ad000 	/System/Library/PrivateFrameworks/DiskManagement.framework/Versions/A/DiskManagement
0x00000000278ad000 	/System/Library/Frameworks/DirectoryService.framework/Versions/A/DirectoryService
0x00000000278ad000 	/System/Library/PrivateFrameworks/DiskImages.framework/Versions/A/DiskImages
0x00000000278ad000 	/System/Library/PrivateFrameworks/LoginUIKit.framework/Versions/A/Frameworks/LoginUICore.framework/Versions/A/LoginUICore
0x00000000278ad000 	/usr/lib/libCoreStorage.dylib
0x00000000278ad000 	/usr/lib/libcsfde.dylib
0x00000000278ad000 	/usr/lib/libodfde.dylib
0x00000000278ad000 	/System/Library/PrivateFrameworks/MediaKit.framework/Versions/A/MediaKit
0x00000000278ad000 	/System/Library/Frameworks/DiscRecording.framework/Versions/A/DiscRecording
0x00000000278ad000 	/System/Library/PrivateFrameworks/EFILogin.framework/Versions/A/EFILogin
0x00000000278ad000 	/System/Library/PrivateFrameworks/ProtectedCloudStorage.framework/Versions/A/ProtectedCloudStorage
0x00000000278ad000 	/usr/lib/libcurl.4.dylib
0x00000000278ad000 	/usr/lib/libssl.35.dylib
0x00000000278ad000 	/System/Library/Frameworks/LDAP.framework/Versions/A/LDAP
0x00000000278ad000 	/usr/lib/libsasl2.2.dylib
0x00000000278ad000 	/System/Library/PrivateFrameworks/CoreDaemon.framework/Versions/B/CoreDaemon
0x00000000278ad000 	/System/Library/PrivateFrameworks/AppleSRP.framework/Versions/A/AppleSRP
0x0000000120f57000 	/Library/Java/JavaVirtualMachines/jdk1.8.0_131.jdk/Contents/Home/jre/lib/libjavafx_font.dylib
0x00000000278ad000 	/System/Library/Frameworks/ApplicationServices.framework/Versions/A/Frameworks/ATS.framework/Versions/A/Resources/libTrueTypeScaler.dylib
0x00000000278ad000 	/System/Library/Extensions/AppleIntelKBLGraphicsMTLDriver.bundle/Contents/MacOS/AppleIntelKBLGraphicsMTLDriver
0x00000000278ad000 	/System/Library/PrivateFrameworks/GPUCompiler.framework/Versions/3802/Libraries/libmetal_timestamp.dylib
0x00000000278ad000 	/System/Library/PrivateFrameworks/ViewBridge.framework/Versions/A/ViewBridge
0x0000000121102000 	/Library/Java/JavaVirtualMachines/jdk1.8.0_131.jdk/Contents/Home/jre/lib/libprism_common.dylib
0x0000000128c77000 	/Library/Java/JavaVirtualMachines/jdk1.8.0_131.jdk/Contents/Home/jre/lib/libnio.dylib
0x0000000128cf8000 	/Library/Java/JavaVirtualMachines/jdk1.8.0_131.jdk/Contents/Home/jre/lib/./libnet.dylib
0x00000000278ad000 	/System/Library/PrivateFrameworks/login.framework/Versions/A/login
0x000000012a7af000 	/Library/Java/JavaVirtualMachines/jdk1.8.0_131.jdk/Contents/Home/jre/lib/libawt.dylib
0x000000012d24b000 	/Library/Java/JavaVirtualMachines/jdk1.8.0_131.jdk/Contents/Home/jre/lib/./libmlib_image.dylib
0x000000012d317000 	/Library/Java/JavaVirtualMachines/jdk1.8.0_131.jdk/Contents/Home/jre/lib/libawt_lwawt.dylib
0x000000012a011000 	/Library/Java/JavaVirtualMachines/jdk1.8.0_131.jdk/Contents/Home/jre/lib/./libosxapp.dylib
0x00000000278ad000 	/System/Library/Frameworks/ExceptionHandling.framework/Versions/A/ExceptionHandling
0x000000012dd9e000 	/Library/Java/JavaVirtualMachines/jdk1.8.0_131.jdk/Contents/Home/jre/lib/libfontmanager.dylib
0x000000012a041000 	/Library/Java/JavaVirtualMachines/jdk1.8.0_131.jdk/Contents/Home/jre/lib/libosxui.dylib

VM Arguments:
java_command: csc380Project.game.Main
java_class_path (initial): target/jfx/app/csc380-1.1.0-PRE-ALPHA-jfx.jar
Launcher Type: SUN_STANDARD

Environment Variables:
JAVA_HOME=/Library/Java/JavaVirtualMachines/jdk1.8.0_131.jdk/Contents/Home
PATH=/Library/Java/JavaVirtualMachines/jdk1.8.0_131.jdk/Contents/Home/bin:/usr/local/bin:/usr/local/sbin:/usr/bin:/bin:/usr/sbin:/sbin
SHELL=/bin/zsh

Signal Handlers:
SIGSEGV: [libjvm.dylib+0x5b1eb1], sa_mask[0]=11111111011111110111111111111111, sa_flags=SA_ONSTACK|SA_RESTART|SA_SIGINFO
SIGBUS: [libjvm.dylib+0x5b1eb1], sa_mask[0]=11111111011111110111111111111111, sa_flags=SA_RESTART|SA_SIGINFO
SIGFPE: [libjvm.dylib+0x488988], sa_mask[0]=11111111011111110111111111111111, sa_flags=SA_RESTART|SA_SIGINFO
SIGPIPE: [libjvm.dylib+0x488988], sa_mask[0]=11111111011111110111111111111111, sa_flags=SA_RESTART|SA_SIGINFO
SIGXFSZ: [libjvm.dylib+0x488988], sa_mask[0]=11111111011111110111111111111111, sa_flags=SA_RESTART|SA_SIGINFO
SIGILL: [libjvm.dylib+0x488988], sa_mask[0]=11111111011111110111111111111111, sa_flags=SA_RESTART|SA_SIGINFO
SIGUSR1: SIG_DFL, sa_mask[0]=00000000000000000000000000000000, sa_flags=SA_RESTART
SIGUSR2: [libjvm.dylib+0x4884a6], sa_mask[0]=00000000000000000000000000000000, sa_flags=SA_RESTART|SA_SIGINFO
SIGHUP: [libjvm.dylib+0x486a7d], sa_mask[0]=11111111011111110111111111111111, sa_flags=SA_RESTART|SA_SIGINFO
SIGINT: [libjvm.dylib+0x486a7d], sa_mask[0]=11111111011111110111111111111111, sa_flags=SA_RESTART|SA_SIGINFO
SIGTERM: [libjvm.dylib+0x486a7d], sa_mask[0]=11111111011111110111111111111111, sa_flags=SA_RESTART|SA_SIGINFO
SIGQUIT: [libjvm.dylib+0x486a7d], sa_mask[0]=11111111011111110111111111111111, sa_flags=SA_RESTART|SA_SIGINFO


---------------  S Y S T E M  ---------------

OS:Bsduname:Darwin 17.3.0 Darwin Kernel Version 17.3.0: Thu Nov  9 18:09:22 PST 2017; root:xnu-4570.31.3~1/RELEASE_X86_64 x86_64
rlimit: STACK 8192k, CORE 0k, NPROC 709, NOFILE 10240, AS infinity
load average:2.18 2.35 2.25

CPU:total 4 (initial active 4) (2 cores per cpu, 2 threads per core) family 6 model 142 stepping 9, cmov, cx8, fxsr, mmx, sse, sse2, sse3, ssse3, sse4.1, sse4.2, popcnt, avx, avx2, aes, clmul, erms, rtm, 3dnowpref, lzcnt, ht, tsc, tscinvbit, bmi1, bmi2, adx

Memory: 4k page, physical 8388608k(46440k free)

/proc/meminfo:


vm_info: Java HotSpot(TM) 64-Bit Server VM (25.131-b11) for bsd-amd64 JRE (1.8.0_131-b11), built on Mar 15 2017 01:32:22 by "java_re" with gcc 4.2.1 (Based on Apple Inc. build 5658) (LLVM build 2336.11.00)

time: Tue Apr 10 13:21:09 2018
elapsed time: 256 seconds (0d 0h 4m 16s)

